#
# A fatal error has been detected by the Java Runtime Environment:
#
#  SIGSEGV (0xb) at pc=0x32a0a2a2, pid=3352, tid=2327292736
#
# JRE version: 6.0_24-b24
# Java VM: OpenJDK Server VM (20.0-b12 mixed mode linux-x86 )
# Derivative: IcedTea6 1.11.5
# Distribution: Ubuntu 12.04 LTS, package 6b24-1.11.5-0ubuntu1~12.04.1
# Problematic frame:
# C  0x32a0a2a2
[error occurred during error reporting (printing problematic frame), id 0xb]

# If you would like to submit a bug report, please include
# instructions how to reproduce the bug and visit:
#   https://bugs.launchpad.net/ubuntu/+source/openjdk-6/
# The crash happened outside the Java Virtual Machine in native code.
# See problematic frame for where to report the bug.
#

---------------  T H R E A D  ---------------

Current thread (0x8b7aa400):  JavaThread "LWJGL Application" [_thread_in_native, id=3373, stack(0x8ab2a000,0x8ab7b000)]

siginfo:si_signo=SIGSEGV: si_errno=0, si_code=1 (SEGV_MAPERR), si_addr=0x32a0a2a2

Registers:
EAX=0x0953df20, EBX=0x00585ff4, ECX=0x00000000, EDX=0x0953de40
ESP=0x8ab79b6c, EBP=0x0952fe78, ESI=0x0953de20, EDI=0x09516980
EIP=0x32a0a2a2, EFLAGS=0x00210202, CR2=0x32a0a2a2

Top of Stack: (sp=0x8ab79b6c)
0x8ab79b6c:   0054118a 0953de20 00000000 a9b5b5d8
0x8ab79b7c:   00538434 00585ff4 0952fbf8 09516980
0x8ab79b8c:   0054e79d 0953de20 09516980 8ab79c14
0x8ab79b9c:   b45124d4 b4502688 00000000 8ab79c40
0x8ab79bac:   00b79c14 8ab79c14 b45124d4 b4502688
0x8ab79bbc:   00585ff4 8cbb8ce8 8b7aa400 8ab79c38
0x8ab79bcc:   00557cf3 09516980 0953de20 00000080
0x8ab79bdc:   8ab79bdc 8ca278d8 8ab79c1c 8cbb8ce8 

Instructions: (pc=0x32a0a2a2)
0x32a0a282:   
[error occurred during error reporting (printing registers, top of stack, instructions near pc), id 0xb]

Register to memory mapping:

EAX=0x0953df20 is an unknown value
EBX=0x00585ff4: <offset 0x6cff4> in /tmp/libgdxdennis/4088972827/libgdx.so at 0x00519000
ECX=0x00000000 is an unknown value
EDX=0x0953de40 is an unknown value
ESP=0x8ab79b6c is pointing into the stack for thread: 0x8b7aa400
EBP=0x0952fe78 is an unknown value
ESI=0x0953de20 is an unknown value
EDI=0x09516980 is an unknown value


Stack: [0x8ab2a000,0x8ab7b000],  sp=0x8ab79b6c,  free space=318k
Native frames: (J=compiled Java code, j=interpreted, Vv=VM code, C=native code)
C  0x32a0a2a2
[error occurred during error reporting (printing native stack), id 0xb]

Java frames: (J=compiled Java code, j=interpreted, Vv=VM code)
j  com.badlogic.gdx.physics.box2d.World.jniDestroyJoint(JJ)V+0
j  com.badlogic.gdx.physics.box2d.World.destroyJoint(Lcom/badlogic/gdx/physics/box2d/Joint;)V+57
j  com.blindtigergames.werescrewed.entity.Player.jump()V+18
j  com.blindtigergames.werescrewed.entity.Player.moveRight()V+22
j  com.blindtigergames.werescrewed.entity.Player.update()V+65
j  com.blindtigergames.werescrewed.screens.PhysicsTestScreen.render(F)V+74
j  com.badlogic.gdx.Game.render()V+19
j  com.blindtigergames.werescrewed.WereScrewedGame.render()V+6
j  com.badlogic.gdx.backends.lwjgl.LwjglApplication.mainLoop()V+501
j  com.badlogic.gdx.backends.lwjgl.LwjglApplication$1.run()V+27
v  ~StubRoutines::call_stub

---------------  P R O C E S S  ---------------

Java Threads: ( => current thread )
  0xb7505800 JavaThread "DestroyJavaVM" [_thread_blocked, id=3355, stack(0xb769b000,0xb76ec000)]
=>0x8b7aa400 JavaThread "LWJGL Application" [_thread_in_native, id=3373, stack(0x8ab2a000,0x8ab7b000)]
  0x8b798000 JavaThread "AWT-XAWT" daemon [_thread_in_native, id=3369, stack(0x8b4a6000,0x8b4f7000)]
  0x8b746400 JavaThread "Java2D Disposer" daemon [_thread_blocked, id=3368, stack(0x8b6af000,0x8b700000)]
  0xb75a4800 JavaThread "Low Memory Detector" daemon [_thread_blocked, id=3366, stack(0x8b8ca000,0x8b91b000)]
  0xb75a2c00 JavaThread "C2 CompilerThread1" daemon [_thread_blocked, id=3365, stack(0x8b91b000,0x8b99c000)]
  0xb75a0c00 JavaThread "C2 CompilerThread0" daemon [_thread_blocked, id=3364, stack(0x8b99c000,0x8ba1d000)]
  0xb759f400 JavaThread "Signal Dispatcher" daemon [_thread_blocked, id=3363, stack(0x8ba1d000,0x8ba6e000)]
  0xb758fc00 JavaThread "Finalizer" daemon [_thread_blocked, id=3362, stack(0x8bf2e000,0x8bf7f000)]
  0xb758e400 JavaThread "Reference Handler" daemon [_thread_blocked, id=3361, stack(0x8c101000,0x8c152000)]

Other Threads:
  0xb758a400 VMThread [stack: 0x8bf7f000,0x8c000000] [id=3360]
  0xb75a6400 WatcherThread [stack: 0x8b849000,0x8b8ca000] [id=3367]

VM state:not at safepoint (normal execution)

VM Mutex/Monitor currently owned by a thread: None

Heap
 PSYoungGen      total 9408K, used 6184K [0xa99a0000, 0xaac00000, 0xb4440000)
  eden space 8128K, 67% used [0xa99a0000,0xa9f00290,0xaa190000)
  from space 1280K, 53% used [0xaa190000,0xaa239e68,0xaa2d0000)
  to   space 1280K, 0% used [0xaaac0000,0xaaac0000,0xaac00000)
 PSOldGen        total 21504K, used 0K [0x94440000, 0x95940000, 0xa99a0000)
  object space 21504K, 0% used [0x94440000,0x94440000,0x95940000)
 PSPermGen       total 16384K, used 8166K [0x8c440000, 0x8d440000, 0x94440000)
  object space 16384K, 49% used [0x8c440000,0x8cc39ab8,0x8d440000)

Code Cache  [0xb4500000, 0xb4740000, 0xb7500000)
 total_blobs=390 nmethods=82 adapters=263 free_code_cache=49823360 largest_free_block=16064

Dynamic libraries:
00110000-00111000 r-xp 00000000 00:00 0          [vdso]
00111000-002b4000 r-xp 00000000 08:01 409673     /lib/i386-linux-gnu/libc-2.15.so
002b4000-002b5000 ---p 001a3000 08:01 409673     /lib/i386-linux-gnu/libc-2.15.so
002b5000-002b7000 r--p 001a3000 08:01 409673     /lib/i386-linux-gnu/libc-2.15.so
002b7000-002b8000 rw-p 001a5000 08:01 409673     /lib/i386-linux-gnu/libc-2.15.so
002b8000-002bb000 rw-p 00000000 00:00 0 
002bb000-002c2000 r-xp 00000000 08:01 409711     /lib/i386-linux-gnu/librt-2.15.so
002c2000-002c3000 r--p 00006000 08:01 409711     /lib/i386-linux-gnu/librt-2.15.so
002c3000-002c4000 rw-p 00007000 08:01 409711     /lib/i386-linux-gnu/librt-2.15.so
002c4000-002ea000 r-xp 00000000 08:01 5259267    /usr/lib/jvm/java-6-openjdk-i386/jre/lib/i386/libjava.so
002ea000-002eb000 r--p 00025000 08:01 5259267    /usr/lib/jvm/java-6-openjdk-i386/jre/lib/i386/libjava.so
002eb000-002ed000 rw-p 00026000 08:01 5259267    /usr/lib/jvm/java-6-openjdk-i386/jre/lib/i386/libjava.so
002ed000-002f4000 r-xp 00000000 08:01 409680     /lib/i386-linux-gnu/libnss_compat-2.15.so
002f4000-002f5000 r--p 00006000 08:01 409680     /lib/i386-linux-gnu/libnss_compat-2.15.so
002f5000-002f6000 rw-p 00007000 08:01 409680     /lib/i386-linux-gnu/libnss_compat-2.15.so
002f6000-002fd000 r-xp 00000000 08:01 5259268    /usr/lib/jvm/java-6-openjdk-i386/jre/lib/i386/libzip.so
002fd000-002fe000 r--p 00006000 08:01 5259268    /usr/lib/jvm/java-6-openjdk-i386/jre/lib/i386/libzip.so
002fe000-002ff000 rw-p 00007000 08:01 5259268    /usr/lib/jvm/java-6-openjdk-i386/jre/lib/i386/libzip.so
002ff000-00315000 r-xp 00000000 08:01 409769     /lib/i386-linux-gnu/libnsl-2.15.so
00315000-00316000 r--p 00015000 08:01 409769     /lib/i386-linux-gnu/libnsl-2.15.so
00316000-00317000 rw-p 00016000 08:01 409769     /lib/i386-linux-gnu/libnsl-2.15.so
00317000-00319000 rw-p 00000000 00:00 0 
00319000-00323000 r-xp 00000000 08:01 409712     /lib/i386-linux-gnu/libnss_nis-2.15.so
00323000-00324000 r--p 00009000 08:01 409712     /lib/i386-linux-gnu/libnss_nis-2.15.so
00324000-00325000 rw-p 0000a000 08:01 409712     /lib/i386-linux-gnu/libnss_nis-2.15.so
00325000-00330000 r-xp 00000000 08:01 409703     /lib/i386-linux-gnu/libnss_files-2.15.so
00330000-00331000 r--p 0000a000 08:01 409703     /lib/i386-linux-gnu/libnss_files-2.15.so
00331000-00332000 rw-p 0000b000 08:01 409703     /lib/i386-linux-gnu/libnss_files-2.15.so
00332000-0033a000 r-xp 00000000 08:01 2820702    /usr/lib/i386-linux-gnu/libXrender.so.1.3.0
0033a000-0033b000 r--p 00007000 08:01 2820702    /usr/lib/i386-linux-gnu/libXrender.so.1.3.0
0033b000-0033c000 rw-p 00008000 08:01 2820702    /usr/lib/i386-linux-gnu/libXrender.so.1.3.0
0033c000-0035b000 r-xp 00000000 08:01 2818143    /usr/lib/i386-linux-gnu/libxcb.so.1.1.0
0035b000-0035c000 r--p 0001f000 08:01 2818143    /usr/lib/i386-linux-gnu/libxcb.so.1.1.0
0035c000-0035d000 rw-p 00020000 08:01 2818143    /usr/lib/i386-linux-gnu/libxcb.so.1.1.0
0035d000-0035e000 r-xp 00000000 08:01 5259269    /usr/lib/jvm/java-6-openjdk-i386/jre/lib/i386/libjawt.so
0035e000-0035f000 r--p 00000000 08:01 5259269    /usr/lib/jvm/java-6-openjdk-i386/jre/lib/i386/libjawt.so
0035f000-00360000 rw-p 00001000 08:01 5259269    /usr/lib/jvm/java-6-openjdk-i386/jre/lib/i386/libjawt.so
00360000-00374000 r-xp 00000000 08:01 409934     /lib/i386-linux-gnu/libz.so.1.2.3.4
00374000-00375000 r--p 00013000 08:01 409934     /lib/i386-linux-gnu/libz.so.1.2.3.4
00375000-00376000 rw-p 00014000 08:01 409934     /lib/i386-linux-gnu/libz.so.1.2.3.4
00376000-0044e000 r-xp 00000000 08:01 2820431    /usr/lib/i386-linux-gnu/libstdc++.so.6.0.16
0044e000-0044f000 ---p 000d8000 08:01 2820431    /usr/lib/i386-linux-gnu/libstdc++.so.6.0.16
0044f000-00453000 r--p 000d8000 08:01 2820431    /usr/lib/i386-linux-gnu/libstdc++.so.6.0.16
00453000-00454000 rw-p 000dc000 08:01 2820431    /usr/lib/i386-linux-gnu/libstdc++.so.6.0.16
00454000-0045b000 rw-p 00000000 00:00 0 
0045b000-004a7000 r-xp 00000000 08:01 3538946    /usr/lib/jvm/java-6-openjdk-i386/jre/lib/i386/xawt/libmawt.so
004a7000-004a8000 r--p 0004b000 08:01 3538946    /usr/lib/jvm/java-6-openjdk-i386/jre/lib/i386/xawt/libmawt.so
004a8000-004aa000 rw-p 0004c000 08:01 3538946    /usr/lib/jvm/java-6-openjdk-i386/jre/lib/i386/xawt/libmawt.so
004aa000-004ab000 rw-p 00000000 00:00 0 
004ab000-004ad000 r-xp 00000000 08:01 2820671    /usr/lib/i386-linux-gnu/libXau.so.6.0.0
004ad000-004ae000 r--p 00001000 08:01 2820671    /usr/lib/i386-linux-gnu/libXau.so.6.0.0
004ae000-004af000 rw-p 00002000 08:01 2820671    /usr/lib/i386-linux-gnu/libXau.so.6.0.0
004af000-004b4000 r-xp 00000000 08:01 2820673    /usr/lib/i386-linux-gnu/libXdmcp.so.6.0.0
004b4000-004b5000 r--p 00004000 08:01 2820673    /usr/lib/i386-linux-gnu/libXdmcp.so.6.0.0
004b5000-004b6000 rw-p 00005000 08:01 2820673    /usr/lib/i386-linux-gnu/libXdmcp.so.6.0.0
004b6000-004bf000 r-xp 00000000 08:01 2820769    /usr/lib/i386-linux-gnu/libXcursor.so.1.0.2
004bf000-004c0000 r--p 00008000 08:01 2820769    /usr/lib/i386-linux-gnu/libXcursor.so.1.0.2
004c0000-004c1000 rw-p 00009000 08:01 2820769    /usr/lib/i386-linux-gnu/libXcursor.so.1.0.2
004c6000-004c9000 r-xp 00000000 08:01 409751     /lib/i386-linux-gnu/libdl-2.15.so
004c9000-004ca000 r--p 00002000 08:01 409751     /lib/i386-linux-gnu/libdl-2.15.so
004ca000-004cb000 rw-p 00003000 08:01 409751     /lib/i386-linux-gnu/libdl-2.15.so
004cb000-004d2000 r-xp 00000000 08:01 2820777    /usr/lib/i386-linux-gnu/libXrandr.so.2.2.0
004d2000-004d3000 r--p 00006000 08:01 2820777    /usr/lib/i386-linux-gnu/libXrandr.so.2.2.0
004d3000-004d4000 rw-p 00007000 08:01 2820777    /usr/lib/i386-linux-gnu/libXrandr.so.2.2.0
004d4000-004da000 r-xp 00000000 08:01 2820502    /usr/lib/i386-linux-gnu/libjson.so.0.0.1
004da000-004db000 r--p 00005000 08:01 2820502    /usr/lib/i386-linux-gnu/libjson.so.0.0.1
004db000-004dc000 rw-p 00006000 08:01 2820502    /usr/lib/i386-linux-gnu/libjson.so.0.0.1
004dc000-004e4000 r-xp 00000000 08:01 409700     /lib/i386-linux-gnu/libwrap.so.0.7.6
004e4000-004e5000 r--p 00007000 08:01 409700     /lib/i386-linux-gnu/libwrap.so.0.7.6
004e5000-004e6000 rw-p 00008000 08:01 409700     /lib/i386-linux-gnu/libwrap.so.0.7.6
004e6000-004eb000 r-xp 00000000 08:01 2820500    /usr/lib/i386-linux-gnu/libasyncns.so.0.3.1
004eb000-004ec000 r--p 00004000 08:01 2820500    /usr/lib/i386-linux-gnu/libasyncns.so.0.3.1
004ec000-004ed000 rw-p 00005000 08:01 2820500    /usr/lib/i386-linux-gnu/libasyncns.so.0.3.1
004ed000-004f4000 r-xp 00000000 08:01 3572249    /usr/lib/fglrx/libatiuki.so.1.0
004f4000-004f5000 rw-p 00006000 08:01 3572249    /usr/lib/fglrx/libatiuki.so.1.0
004fb000-00517000 r-xp 00000000 08:01 409692     /lib/i386-linux-gnu/libgcc_s.so.1
00517000-00518000 r--p 0001b000 08:01 409692     /lib/i386-linux-gnu/libgcc_s.so.1
00518000-00519000 rw-p 0001c000 08:01 409692     /lib/i386-linux-gnu/libgcc_s.so.1
00519000-00584000 r-xp 00000000 08:01 5464123    /tmp/libgdxdennis/4088972827/libgdx.so
00584000-00585000 ---p 0006b000 08:01 5464123    /tmp/libgdxdennis/4088972827/libgdx.so
00585000-00586000 r--p 0006b000 08:01 5464123    /tmp/libgdxdennis/4088972827/libgdx.so
00586000-00587000 rw-p 0006c000 08:01 5464123    /tmp/libgdxdennis/4088972827/libgdx.so
00587000-006b7000 r-xp 00000000 08:01 2820436    /usr/lib/i386-linux-gnu/libX11.so.6.3.0
006b7000-006b8000 r--p 0012f000 08:01 2820436    /usr/lib/i386-linux-gnu/libX11.so.6.3.0
006b8000-006ba000 rw-p 00130000 08:01 2820436    /usr/lib/i386-linux-gnu/libX11.so.6.3.0
006ba000-006bb000 rw-p 00000000 00:00 0 
006bb000-006f5000 r-xp 00000000 08:01 5259283    /usr/lib/jvm/java-6-openjdk-i386/jre/lib/i386/libfontmanager.so
006f5000-006f6000 r--p 00039000 08:01 5259283    /usr/lib/jvm/java-6-openjdk-i386/jre/lib/i386/libfontmanager.so
006f6000-006f7000 rw-p 0003a000 08:01 5259283    /usr/lib/jvm/java-6-openjdk-i386/jre/lib/i386/libfontmanager.so
006f7000-0078c000 r-xp 00000000 08:01 2818368    /usr/lib/i386-linux-gnu/libfreetype.so.6.8.0
0078c000-00790000 r--p 00094000 08:01 2818368    /usr/lib/i386-linux-gnu/libfreetype.so.6.8.0
00790000-00791000 rw-p 00098000 08:01 2818368    /usr/lib/i386-linux-gnu/libfreetype.so.6.8.0
00791000-007a4000 r-xp 00000000 08:01 409704     /lib/i386-linux-gnu/libresolv-2.15.so
007a4000-007a5000 ---p 00013000 08:01 409704     /lib/i386-linux-gnu/libresolv-2.15.so
007a5000-007a6000 r--p 00013000 08:01 409704     /lib/i386-linux-gnu/libresolv-2.15.so
007a6000-007a7000 rw-p 00014000 08:01 409704     /lib/i386-linux-gnu/libresolv-2.15.so
007a7000-007a9000 rw-p 00000000 00:00 0 
007bb000-007bf000 r-xp 00000000 08:01 5349377    /usr/lib/jvm/java-6-openjdk-i386/jre/lib/i386/jli/libjli.so
007bf000-007c0000 r--p 00003000 08:01 5349377    /usr/lib/jvm/java-6-openjdk-i386/jre/lib/i386/jli/libjli.so
007c0000-007c1000 rw-p 00004000 08:01 5349377    /usr/lib/jvm/java-6-openjdk-i386/jre/lib/i386/jli/libjli.so
007ce000-00861000 r-xp 00000000 08:01 5259271    /usr/lib/jvm/java-6-openjdk-i386/jre/lib/i386/libawt.so
00861000-00862000 r--p 00092000 08:01 5259271    /usr/lib/jvm/java-6-openjdk-i386/jre/lib/i386/libawt.so
00862000-00869000 rw-p 00093000 08:01 5259271    /usr/lib/jvm/java-6-openjdk-i386/jre/lib/i386/libawt.so
00869000-0088d000 rw-p 00000000 00:00 0 
0088d000-008ea000 r-xp 00000000 08:01 5464125    /tmp/libgdxdennis/2789486150/liblwjgl.so
008ea000-008eb000 r--p 0005d000 08:01 5464125    /tmp/libgdxdennis/2789486150/liblwjgl.so
008eb000-008ec000 rw-p 0005e000 08:01 5464125    /tmp/libgdxdennis/2789486150/liblwjgl.so
008ec000-00916000 r-xp 00000000 08:01 409739     /lib/i386-linux-gnu/libm-2.15.so
00916000-00917000 r--p 00029000 08:01 409739     /lib/i386-linux-gnu/libm-2.15.so
00917000-00918000 rw-p 0002a000 08:01 409739     /lib/i386-linux-gnu/libm-2.15.so
00918000-00963000 r-xp 00000000 08:01 5464126    /tmp/libgdxdennis/2789486150/libopenal.so
00963000-00964000 r--p 0004b000 08:01 5464126    /tmp/libgdxdennis/2789486150/libopenal.so
00964000-00965000 rw-p 0004c000 08:01 5464126    /tmp/libgdxdennis/2789486150/libopenal.so
00973000-00983000 r-xp 00000000 08:01 2820677    /usr/lib/i386-linux-gnu/libXext.so.6.4.0
00983000-00984000 r--p 0000f000 08:01 2820677    /usr/lib/i386-linux-gnu/libXext.so.6.4.0
00984000-00985000 rw-p 00010000 08:01 2820677    /usr/lib/i386-linux-gnu/libXext.so.6.4.0
00985000-009d1000 r-xp 00000000 08:01 2818924    /usr/lib/i386-linux-gnu/libpulse.so.0.13.5
009d1000-009d2000 r--p 0004b000 08:01 2818924    /usr/lib/i386-linux-gnu/libpulse.so.0.13.5
009d2000-009d3000 rw-p 0004c000 08:01 2818924    /usr/lib/i386-linux-gnu/libpulse.so.0.13.5
00a05000-00a09000 r-xp 00000000 08:01 2820767    /usr/lib/i386-linux-gnu/libXfixes.so.3.1.0
00a09000-00a0a000 r--p 00004000 08:01 2820767    /usr/lib/i386-linux-gnu/libXfixes.so.3.1.0
00a0a000-00a0b000 rw-p 00005000 08:01 2820767    /usr/lib/i386-linux-gnu/libXfixes.so.3.1.0
00a0b000-00a52000 r-xp 00000000 08:01 409638     /lib/i386-linux-gnu/libdbus-1.so.3.5.8
00a52000-00a53000 r--p 00047000 08:01 409638     /lib/i386-linux-gnu/libdbus-1.so.3.5.8
00a53000-00a54000 rw-p 00048000 08:01 409638     /lib/i386-linux-gnu/libdbus-1.so.3.5.8
00a64000-00a7b000 r-xp 00000000 08:01 409715     /lib/i386-linux-gnu/libpthread-2.15.so
00a7b000-00a7c000 r--p 00016000 08:01 409715     /lib/i386-linux-gnu/libpthread-2.15.so
00a7c000-00a7d000 rw-p 00017000 08:01 409715     /lib/i386-linux-gnu/libpthread-2.15.so
00a7d000-00a7f000 rw-p 00000000 00:00 0 
00a7f000-00ae2000 r-xp 00000000 08:01 2818320    /usr/lib/i386-linux-gnu/libpulsecommon-1.1.so
00ae2000-00ae3000 r--p 00062000 08:01 2818320    /usr/lib/i386-linux-gnu/libpulsecommon-1.1.so
00ae3000-00ae4000 rw-p 00063000 08:01 2818320    /usr/lib/i386-linux-gnu/libpulsecommon-1.1.so
00ae4000-00b50000 r-xp 00000000 08:01 2820734    /usr/lib/i386-linux-gnu/libsndfile.so.1.0.25
00b50000-00b51000 r--p 0006c000 08:01 2820734    /usr/lib/i386-linux-gnu/libsndfile.so.1.0.25
00b51000-00b52000 rw-p 0006d000 08:01 2820734    /usr/lib/i386-linux-gnu/libsndfile.so.1.0.25
00b52000-00b56000 rw-p 00000000 00:00 0 
00b76000-00b84000 r-xp 00000000 08:01 2820773    /usr/lib/i386-linux-gnu/libXi.so.6.1.0
00b84000-00b85000 r--p 0000d000 08:01 2820773    /usr/lib/i386-linux-gnu/libXi.so.6.1.0
00b85000-00b86000 rw-p 0000e000 08:01 2820773    /usr/lib/i386-linux-gnu/libXi.so.6.1.0
00b86000-00bd2000 r-xp 00000000 08:01 2820728    /usr/lib/i386-linux-gnu/libFLAC.so.8.2.0
00bd2000-00bd3000 r--p 0004b000 08:01 2820728    /usr/lib/i386-linux-gnu/libFLAC.so.8.2.0
00bd3000-00bd4000 rw-p 0004c000 08:01 2820728    /usr/lib/i386-linux-gnu/libFLAC.so.8.2.0
00be2000-00c0b000 r-xp 00000000 08:01 2820730    /usr/lib/i386-linux-gnu/libvorbis.so.0.4.5
00c0b000-00c0c000 r--p 00028000 08:01 2820730    /usr/lib/i386-linux-gnu/libvorbis.so.0.4.5
00c0c000-00c0d000 rw-p 00029000 08:01 2820730    /usr/lib/i386-linux-gnu/libvorbis.so.0.4.5
00c0d000-00c48000 r-xp 00000000 08:01 3572233    /usr/lib/fglrx/libatiadlxx.so
00c48000-00c4a000 rw-p 0003b000 08:01 3572233    /usr/lib/fglrx/libatiadlxx.so
00c4a000-00c5a000 rw-p 00000000 00:00 0 
00ce5000-00cf0000 r-xp 00000000 08:01 5259289    /usr/lib/jvm/java-6-openjdk-i386/jre/lib/i386/libverify.so
00cf0000-00cf1000 ---p 0000b000 08:01 5259289    /usr/lib/jvm/java-6-openjdk-i386/jre/lib/i386/libverify.so
00cf1000-00cf2000 r--p 0000b000 08:01 5259289    /usr/lib/jvm/java-6-openjdk-i386/jre/lib/i386/libverify.so
00cf2000-00cf3000 rw-p 0000c000 08:01 5259289    /usr/lib/jvm/java-6-openjdk-i386/jre/lib/i386/libverify.so
00d12000-00d18000 r-xp 00000000 08:01 2820726    /usr/lib/i386-linux-gnu/libogg.so.0.7.1
00d18000-00d19000 r--p 00005000 08:01 2820726    /usr/lib/i386-linux-gnu/libogg.so.0.7.1
00d19000-00d1a000 rw-p 00006000 08:01 2820726    /usr/lib/i386-linux-gnu/libogg.so.0.7.1
00d35000-00d3a000 r-xp 00000000 08:01 2820785    /usr/lib/i386-linux-gnu/libXtst.so.6.1.0
00d3a000-00d3b000 r--p 00004000 08:01 2820785    /usr/lib/i386-linux-gnu/libXtst.so.6.1.0
00d3b000-00d3c000 rw-p 00005000 08:01 2820785    /usr/lib/i386-linux-gnu/libXtst.so.6.1.0
00dc5000-00dc7000 r-xp 00000000 08:01 2820775    /usr/lib/i386-linux-gnu/libXinerama.so.1.0.0
00dc7000-00dc8000 r--p 00001000 08:01 2820775    /usr/lib/i386-linux-gnu/libXinerama.so.1.0.0
00dc8000-00dc9000 rw-p 00002000 08:01 2820775    /usr/lib/i386-linux-gnu/libXinerama.so.1.0.0
00ddb000-00dfb000 r-xp 00000000 08:01 409740     /lib/i386-linux-gnu/ld-2.15.so
00dfb000-00dfc000 r--p 0001f000 08:01 409740     /lib/i386-linux-gnu/ld-2.15.so
00dfc000-00dfd000 rw-p 00020000 08:01 409740     /lib/i386-linux-gnu/ld-2.15.so
00dfd000-0161c000 r-xp 00000000 08:01 5423107    /usr/lib/jvm/java-6-openjdk-i386/jre/lib/i386/server/libjvm.so
0161c000-0161d000 ---p 0081f000 08:01 5423107    /usr/lib/jvm/java-6-openjdk-i386/jre/lib/i386/server/libjvm.so
0161d000-01662000 r--p 0081f000 08:01 5423107    /usr/lib/jvm/java-6-openjdk-i386/jre/lib/i386/server/libjvm.so
01662000-01671000 rw-p 00864000 08:01 5423107    /usr/lib/jvm/java-6-openjdk-i386/jre/lib/i386/server/libjvm.so
01671000-01a8b000 rw-p 00000000 00:00 0 
03f39000-04005000 r-xp 00000000 08:01 3572238    /usr/lib/fglrx/libGL.so.1.2
04005000-04011000 rwxp 000cb000 08:01 3572238    /usr/lib/fglrx/libGL.so.1.2
04011000-04026000 rwxp 00000000 00:00 0 
05bc9000-05d2f000 r-xp 00000000 08:01 2820732    /usr/lib/i386-linux-gnu/libvorbisenc.so.2.0.8
05d2f000-05d40000 r--p 00165000 08:01 2820732    /usr/lib/i386-linux-gnu/libvorbisenc.so.2.0.8
05d40000-05d41000 rw-p 00176000 08:01 2820732    /usr/lib/i386-linux-gnu/libvorbisenc.so.2.0.8
08048000-08051000 r-xp 00000000 08:01 4988930    /usr/lib/jvm/java-6-openjdk-i386/jre/bin/java
08051000-08052000 r--p 00008000 08:01 4988930    /usr/lib/jvm/java-6-openjdk-i386/jre/bin/java
08052000-08053000 rw-p 00009000 08:01 4988930    /usr/lib/jvm/java-6-openjdk-i386/jre/bin/java
083b0000-096e0000 rw-p 00000000 00:00 0          [heap]
8249b000-8249c000 ---p 00000000 00:00 0 
8249c000-82c9c000 rw-p 00000000 00:00 0 
82c9c000-86c9d000 rw-s 00000000 00:12 20295      /run/shm/pulse-shm-3141144183
86c9d000-86ca4000 r--s 00000000 08:01 2818683    /usr/lib/i386-linux-gnu/gconv/gconv-modules.cache
86efa000-86fbb000 rw-p 00000000 00:00 0 
86fbb000-871bc000 rw-s c5ffe000 00:05 10137      /dev/ati/card0
871bc000-872bc000 rw-s 069fb000 00:05 10137      /dev/ati/card0
872bc000-8737d000 rw-p 00000000 00:00 0 
8743e000-8743f000 ---p 00000000 00:00 0 
8743f000-87c3f000 rw-p 00000000 00:00 0 
87c3f000-87c7f000 rw-s 0002b000 00:05 10137      /dev/ati/card0
87c7f000-8837f000 rw-s 00006000 00:05 10137      /dev/ati/card0
8837f000-8857f000 rw-p 00000000 00:00 0 
8857f000-88580000 rw-s 00005000 00:05 10137      /dev/ati/card0
88580000-885a0000 rw-s dfde0000 00:05 10137      /dev/ati/card0
885a0000-885a2000 rw-s 00002000 00:05 10137      /dev/ati/card0
885a2000-8a91a000 r-xp 00000000 08:01 4153441    /usr/lib/fglrx/dri/fglrx_dri.so
8a91a000-8aa0b000 rw-p 02378000 08:01 4153441    /usr/lib/fglrx/dri/fglrx_dri.so
8aa0b000-8aad9000 rw-p 00000000 00:00 0 
8aad9000-8aadc000 ---p 00000000 00:00 0 
8aadc000-8ab2a000 rw-p 00000000 00:00 0 
8ab2a000-8ab2d000 ---p 00000000 00:00 0 
8ab2d000-8ab7b000 rw-p 00000000 00:00 0 
8ab7b000-8ab7c000 ---p 00000000 00:00 0 
8ab7c000-8aca5000 rw-p 00000000 00:00 0 
8aca5000-8aca6000 ---p 00000000 00:00 0 
8aca6000-8b4a6000 rw-p 00000000 00:00 0 
8b4a6000-8b4a9000 ---p 00000000 00:00 0 
8b4a9000-8b4f7000 rw-p 00000000 00:00 0 
8b4f7000-8b4f8000 r--s 00000000 08:01 4221004    /var/cache/fontconfig/c05880de57d1f5e948fdfacc138775d9-le32d4.cache-3
8b4f8000-8b4fe000 r--s 00000000 08:01 4220969    /var/cache/fontconfig/945677eb7aeaf62f1d50efc3fb3ec7d8-le32d4.cache-3
8b4fe000-8b500000 r--s 00000000 08:01 4220909    /var/cache/fontconfig/99e8ed0e538f840c565b6ed5dad60d56-le32d4.cache-3
8b500000-8b589000 rw-p 00000000 00:00 0 
8b589000-8b600000 ---p 00000000 00:00 0 
8b600000-8b606000 r--s 00000000 08:01 4220876    /var/cache/fontconfig/a6d8cf8e4ec09cdbc8633c31745a07dd-le32d4.cache-3
8b606000-8b609000 r--s 00000000 08:01 4220840    /var/cache/fontconfig/2cd17615ca594fa2959ae173292e504c-le32d4.cache-3
8b609000-8b60a000 r--s 00000000 08:01 4220800    /var/cache/fontconfig/e7071f4a29fa870f4323321c154eba04-le32d4.cache-3
8b60a000-8b60c000 r--s 00000000 08:01 4220798    /var/cache/fontconfig/c69f04ab05004e31a6d5e715764f16d8-le32d4.cache-3
8b60c000-8b60d000 r--s 00000000 08:01 4220771    /var/cache/fontconfig/0d8c3b2ac0904cb8a57a757ad11a4a08-le32d4.cache-3
8b60d000-8b611000 r--s 00000000 08:01 4220730    /var/cache/fontconfig/a755afe4a08bf5b97852ceb7400b47bc-le32d4.cache-3
8b611000-8b618000 r--s 00000000 08:01 4220036    /var/cache/fontconfig/6d41288fd70b0be22e8c3a91e032eec0-le32d4.cache-3
8b618000-8b623000 r--s 00000000 08:01 4220684    /var/cache/fontconfig/04aabc0a78ac019cf9454389977116d2-le32d4.cache-3
8b623000-8b626000 r--s 00000000 08:01 4220672    /var/cache/fontconfig/385c0604a188198f04d133e54aba7fe7-le32d4.cache-3
8b626000-8b627000 r--s 00000000 08:01 4220661    /var/cache/fontconfig/4794a0821666d79190d59a36cb4f44b5-le32d4.cache-3
8b627000-8b62a000 r--s 00000000 08:01 4220458    /var/cache/fontconfig/8801497958630a81b71ace7c5f9b32a8-le32d4.cache-3
8b62a000-8b64c000 r--s 00000000 08:01 4221974    /var/cache/fontconfig/365b55f210c0a22e9a19e35191240f32-le32d4.cache-3
8b64c000-8b650000 r--s 00000000 08:01 4220393    /var/cache/fontconfig/3047814df9a2f067bd2d96a2b9c36e5a-le32d4.cache-3
8b650000-8b651000 r--s 00000000 08:01 4220392    /var/cache/fontconfig/56cf4f4769d0f4abc89a4895d7bd3ae1-le32d4.cache-3
8b651000-8b654000 r--s 00000000 08:01 4220387    /var/cache/fontconfig/de9486f0b47a4d768a594cb4198cb1c6-le32d4.cache-3
8b654000-8b655000 r--s 00000000 08:01 4220371    /var/cache/fontconfig/b9d506c9ac06c20b433354fa67a72993-le32d4.cache-3
8b655000-8b659000 r--s 00000000 08:01 4220363    /var/cache/fontconfig/b47c4e1ecd0709278f4910c18777a504-le32d4.cache-3
8b659000-8b65f000 r--s 00000000 08:01 4220818    /var/cache/fontconfig/52f7bdb7ce746bfd7eaa1985bd9cfa93-le32d4.cache-3
8b65f000-8b66c000 r--s 00000000 08:01 4220357    /var/cache/fontconfig/d52a8644073d54c13679302ca1180695-le32d4.cache-3
8b66c000-8b674000 r--s 00000000 08:01 4220352    /var/cache/fontconfig/0016f91d272966d80cf1fcd12c9c3815-le32d4.cache-3
8b674000-8b678000 r--s 00000000 08:01 4220810    /var/cache/fontconfig/3f7329c5293ffd510edef78f73874cfd-le32d4.cache-3
8b678000-8b67e000 r--s 00000000 08:01 4220322    /var/cache/fontconfig/089dead882dea3570ffc31a9898cfb69-le32d4.cache-3
8b67e000-8b686000 r--s 00000000 08:01 4219303    /var/cache/fontconfig/e13b20fdb08344e0e664864cc2ede53d-le32d4.cache-3
8b686000-8b689000 r--s 00000000 08:01 4221978    /var/cache/fontconfig/7ef2298fde41cc6eeb7af42e48b7d293-le32d4.cache-3
8b689000-8b68a000 r--s 00000000 08:01 4221004    /var/cache/fontconfig/c05880de57d1f5e948fdfacc138775d9-le32d4.cache-3
8b68a000-8b690000 r--s 00000000 08:01 4220969    /var/cache/fontconfig/945677eb7aeaf62f1d50efc3fb3ec7d8-le32d4.cache-3
8b690000-8b696000 r--s 00000000 08:01 4220876    /var/cache/fontconfig/a6d8cf8e4ec09cdbc8633c31745a07dd-le32d4.cache-3
8b696000-8b699000 r--s 00000000 08:01 4220840    /var/cache/fontconfig/2cd17615ca594fa2959ae173292e504c-le32d4.cache-3
8b699000-8b69d000 r--s 00000000 08:01 4220730    /var/cache/fontconfig/a755afe4a08bf5b97852ceb7400b47bc-le32d4.cache-3
8b69d000-8b6a4000 r--s 00000000 08:01 4220036    /var/cache/fontconfig/6d41288fd70b0be22e8c3a91e032eec0-le32d4.cache-3
8b6a4000-8b6af000 r--s 00000000 08:01 4220684    /var/cache/fontconfig/04aabc0a78ac019cf9454389977116d2-le32d4.cache-3
8b6af000-8b6b2000 ---p 00000000 00:00 0 
8b6b2000-8b700000 rw-p 00000000 00:00 0 
8b700000-8b7d4000 rw-p 00000000 00:00 0 
8b7d4000-8b800000 ---p 00000000 00:00 0 
8b800000-8b802000 r--s 00000000 08:01 4220909    /var/cache/fontconfig/99e8ed0e538f840c565b6ed5dad60d56-le32d4.cache-3
8b802000-8b803000 r--s 00000000 08:01 4220800    /var/cache/fontconfig/e7071f4a29fa870f4323321c154eba04-le32d4.cache-3
8b803000-8b805000 r--s 00000000 08:01 4220798    /var/cache/fontconfig/c69f04ab05004e31a6d5e715764f16d8-le32d4.cache-3
8b805000-8b806000 r--s 00000000 08:01 4220771    /var/cache/fontconfig/0d8c3b2ac0904cb8a57a757ad11a4a08-le32d4.cache-3
8b806000-8b809000 r--s 00000000 08:01 4220672    /var/cache/fontconfig/385c0604a188198f04d133e54aba7fe7-le32d4.cache-3
8b809000-8b80c000 r--s 00000000 08:01 4220458    /var/cache/fontconfig/8801497958630a81b71ace7c5f9b32a8-le32d4.cache-3
8b80c000-8b82e000 r--s 00000000 08:01 4221974    /var/cache/fontconfig/365b55f210c0a22e9a19e35191240f32-le32d4.cache-3
8b82e000-8b832000 r--s 00000000 08:01 4220393    /var/cache/fontconfig/3047814df9a2f067bd2d96a2b9c36e5a-le32d4.cache-3
8b832000-8b836000 r--s 00000000 08:01 4220363    /var/cache/fontconfig/b47c4e1ecd0709278f4910c18777a504-le32d4.cache-3
8b836000-8b83c000 r--s 00000000 08:01 4220818    /var/cache/fontconfig/52f7bdb7ce746bfd7eaa1985bd9cfa93-le32d4.cache-3
8b83c000-8b849000 r--s 00000000 08:01 4220357    /var/cache/fontconfig/d52a8644073d54c13679302ca1180695-le32d4.cache-3
8b849000-8b84a000 ---p 00000000 00:00 0 
8b84a000-8b8ca000 rw-p 00000000 00:00 0 
8b8ca000-8b8cd000 ---p 00000000 00:00 0 
8b8cd000-8b91b000 rw-p 00000000 00:00 0 
8b91b000-8b91e000 ---p 00000000 00:00 0 
8b91e000-8b99c000 rw-p 00000000 00:00 0 
8b99c000-8b99f000 ---p 00000000 00:00 0 
8b99f000-8ba1d000 rw-p 00000000 00:00 0 
8ba1d000-8ba20000 ---p 00000000 00:00 0 
8ba20000-8ba6e000 rw-p 00000000 00:00 0 
8ba6e000-8bc6e000 r--p 00000000 08:01 2683201    /usr/lib/locale/locale-archive
8bc6e000-8be00000 r--s 037c2000 08:01 3532703    /usr/lib/jvm/java-6-openjdk-i386/jre/lib/rt.jar
8be00000-8befe000 rw-p 00000000 00:00 0 
8befe000-8bf00000 ---p 00000000 00:00 0 
8bf00000-8bf08000 r--s 00000000 08:01 4220352    /var/cache/fontconfig/0016f91d272966d80cf1fcd12c9c3815-le32d4.cache-3
8bf08000-8bf0c000 r--s 00000000 08:01 4220810    /var/cache/fontconfig/3f7329c5293ffd510edef78f73874cfd-le32d4.cache-3
8bf0c000-8bf12000 r--s 00000000 08:01 4220322    /var/cache/fontconfig/089dead882dea3570ffc31a9898cfb69-le32d4.cache-3
8bf12000-8bf1a000 r--s 00000000 08:01 4219303    /var/cache/fontconfig/e13b20fdb08344e0e664864cc2ede53d-le32d4.cache-3
8bf1a000-8bf2e000 r--s 0014d000 08:01 6561880    /home/dennis/Documents/gdStudio/werescrewed/werescrewed-desktop/libs/gdx-backend-lwjgl.jar
8bf2e000-8bf31000 ---p 00000000 00:00 0 
8bf31000-8bf7f000 rw-p 00000000 00:00 0 
8bf7f000-8bf80000 ---p 00000000 00:00 0 
8bf80000-8c000000 rw-p 00000000 00:00 0 
8c000000-8c0a9000 rw-p 00000000 00:00 0 
8c0a9000-8c100000 ---p 00000000 00:00 0 
8c100000-8c101000 r--s 00000000 08:01 4220661    /var/cache/fontconfig/4794a0821666d79190d59a36cb4f44b5-le32d4.cache-3
8c101000-8c104000 ---p 00000000 00:00 0 
8c104000-8c152000 rw-p 00000000 00:00 0 
8c152000-8c153000 ---p 00000000 00:00 0 
8c153000-8c1d3000 rw-p 00000000 00:00 0 
8c1d3000-8c1d4000 ---p 00000000 00:00 0 
8c1d4000-8c25f000 rw-p 00000000 00:00 0 
8c25f000-8c2ff000 rw-p 00000000 00:00 0 
8c2ff000-8c307000 rw-p 00000000 00:00 0 
8c307000-8c33f000 rw-p 00000000 00:00 0 
8c33f000-8c34a000 rw-p 00000000 00:00 0 
8c34a000-8c3e9000 rw-p 00000000 00:00 0 
8c3e9000-8c3f3000 rw-p 00000000 00:00 0 
8c3f3000-8c43f000 rw-p 00000000 00:00 0 
8c43f000-8d440000 rw-p 00000000 00:00 0 
8d440000-94440000 rw-p 00000000 00:00 0 
94440000-95940000 rw-p 00000000 00:00 0 
95940000-a99a0000 rw-p 00000000 00:00 0 
a99a0000-aac00000 rw-p 00000000 00:00 0 
aac00000-b4440000 rw-p 00000000 00:00 0 
b4440000-b4449000 rw-p 00000000 00:00 0 
b4449000-b4500000 rw-p 00000000 00:00 0 
b4500000-b4740000 rwxp 00000000 00:00 0 
b4740000-b75ff000 rw-p 00000000 00:00 0 
b75ff000-b7600000 ---p 00000000 00:00 0 
b7600000-b7601000 r--s 00000000 08:01 4220392    /var/cache/fontconfig/56cf4f4769d0f4abc89a4895d7bd3ae1-le32d4.cache-3
b7601000-b7604000 r--s 00000000 08:01 4220387    /var/cache/fontconfig/de9486f0b47a4d768a594cb4198cb1c6-le32d4.cache-3
b7604000-b7607000 r--s 00000000 08:01 4221978    /var/cache/fontconfig/7ef2298fde41cc6eeb7af42e48b7d293-le32d4.cache-3
b7607000-b760e000 r--s 000fb000 08:01 2860798    /usr/lib/jvm/java-6-openjdk-common/jre/lib/resources.jar
b760e000-b7611000 r--s 0000b000 08:01 6561931    /home/dennis/Documents/gdStudio/werescrewed/werescrewed/libs/tween-engine-api.jar
b7611000-b7612000 r--s 00001000 08:01 6561927    /home/dennis/Documents/gdStudio/werescrewed/werescrewed/libs/bodyeditor-loader.jar
b7612000-b7616000 r--s 0007d000 08:01 2860794    /usr/lib/jvm/java-6-openjdk-common/jre/lib/jsse.jar
b7616000-b7628000 r--s 00108000 08:01 6561929    /home/dennis/Documents/gdStudio/werescrewed/werescrewed/libs/gdx.jar
b7628000-b7663000 rw-p 00000000 00:00 0 
b7663000-b769b000 rw-p 00000000 00:00 0 
b769b000-b769e000 ---p 00000000 00:00 0 
b769e000-b76ef000 rw-p 00000000 00:00 0 
b76ef000-b76f0000 r--s 00000000 08:01 4220371    /var/cache/fontconfig/b9d506c9ac06c20b433354fa67a72993-le32d4.cache-3
b76f0000-b76f1000 r--s 0011b000 08:01 6561881    /home/dennis/Documents/gdStudio/werescrewed/werescrewed-desktop/libs/gdx-natives.jar
b76f1000-b76f2000 r--s 00162000 08:01 6561878    /home/dennis/Documents/gdStudio/werescrewed/werescrewed-desktop/libs/gdx-backend-lwjgl-natives.jar
b76f2000-b76f4000 r--s 00001000 08:01 2918893    /usr/lib/jvm/java-6-openjdk-common/jre/lib/ext/dnsns.jar
b76f4000-b76f8000 r--s 00038000 08:01 2918891    /usr/lib/jvm/java-6-openjdk-common/jre/lib/ext/sunpkcs11.jar
b76f8000-b76fb000 r--s 00031000 08:01 2918887    /usr/lib/jvm/java-6-openjdk-common/jre/lib/ext/sunjce_provider.jar
b76fb000-b76fc000 r--s 00007000 08:01 2924985    /usr/share/java/java-atk-wrapper.jar
b76fc000-b76fe000 r--s 0000f000 08:01 2918889    /usr/lib/jvm/java-6-openjdk-common/jre/lib/ext/pulse-java.jar
b76fe000-b7701000 r--s 00077000 08:01 2918895    /usr/lib/jvm/java-6-openjdk-common/jre/lib/ext/localedata.jar
b7701000-b7702000 r--p 002c5000 08:01 2683201    /usr/lib/locale/locale-archive
b7702000-b770a000 rw-s 00000000 08:01 5464128    /tmp/hsperfdata_dennis/3352
b770a000-b770b000 rw-p 00000000 00:00 0 
b770b000-b770c000 r--p 00000000 00:00 0 
b770c000-b770e000 rw-p 00000000 00:00 0 
bfcf8000-bfd19000 rw-p 00000000 00:00 0          [stack]

VM Arguments:
jvm_args: -Dfile.encoding=UTF-8 
java_command: com.blindtigergames.werescrewed.Main
Launcher Type: SUN_STANDARD

Environment Variables:
PATH=/usr/lib/lightdm/lightdm:/usr/local/sbin:/usr/local/bin:/usr/sbin:/usr/bin:/sbin:/bin:/usr/games
LD_LIBRARY_PATH=/usr/lib/jvm/java-6-openjdk-i386/jre/lib/i386/server:/usr/lib/jvm/java-6-openjdk-i386/jre/lib/i386:/usr/lib/jvm/java-6-openjdk-i386/jre/../lib/i386:/usr/lib/jvm/java-6-openjdk-i386/jre/lib/i386/client:/usr/lib/jvm/java-6-openjdk-i386/jre/lib/i386:
SHELL=/bin/bash
DISPLAY=:0

Signal Handlers:
SIGSEGV: [libjvm.so+0x66b320], sa_mask[0]=0x7ffbfeff, sa_flags=0x10000004
SIGBUS: [libjvm.so+0x66b320], sa_mask[0]=0x7ffbfeff, sa_flags=0x10000004
SIGFPE: [libjvm.so+0x52e8c0], sa_mask[0]=0x7ffbfeff, sa_flags=0x10000004
SIGPIPE: [libjvm.so+0x52e8c0], sa_mask[0]=0x7ffbfeff, sa_flags=0x10000004
SIGXFSZ: [libjvm.so+0x52e8c0], sa_mask[0]=0x7ffbfeff, sa_flags=0x10000004
SIGILL: [libjvm.so+0x52e8c0], sa_mask[0]=0x7ffbfeff, sa_flags=0x10000004
SIGUSR1: SIG_DFL, sa_mask[0]=0x00000000, sa_flags=0x00000000
SIGUSR2: [libjvm.so+0x52e750], sa_mask[0]=0x00000004, sa_flags=0x10000004
SIGHUP: [libjvm.so+0x5317f0], sa_mask[0]=0x7ffbfeff, sa_flags=0x10000004
SIGINT: [libjvm.so+0x5317f0], sa_mask[0]=0x7ffbfeff, sa_flags=0x10000004
SIGTERM: [libjvm.so+0x5317f0], sa_mask[0]=0x7ffbfeff, sa_flags=0x10000004
SIGQUIT: [libjvm.so+0x5317f0], sa_mask[0]=0x7ffbfeff, sa_flags=0x10000004


---------------  S Y S T E M  ---------------

OS:Ubuntu 12.04 (precise)
uname:Linux 3.2.0-29-generic #46-Ubuntu SMP Fri Jul 27 17:04:05 UTC 2012 i686
libc:glibc 2.15 NPTL 2.15 
rlimit: STACK 8192k, CORE 0k, NPROC 15939, NOFILE 4096, AS infinity
load average:6.98 1.90 0.86

/proc/meminfo:
MemTotal:        2059812 kB
MemFree:          335584 kB
Buffers:          112936 kB
Cached:           666240 kB
SwapCached:            0 kB
Active:           891272 kB
Inactive:         602264 kB
Active(anon):     715164 kB
Inactive(anon):     2452 kB
Active(file):     176108 kB
Inactive(file):   599812 kB
Unevictable:          16 kB
Mlocked:              16 kB
HighTotal:       1186124 kB
HighFree:          15068 kB
LowTotal:         873688 kB
LowFree:          320516 kB
SwapTotal:       2996084 kB
SwapFree:        2996084 kB
Dirty:              1432 kB
Writeback:             0 kB
AnonPages:        714388 kB
Mapped:           212892 kB
Shmem:              3268 kB
Slab:              40724 kB
SReclaimable:      24060 kB
SUnreclaim:        16664 kB
KernelStack:        3984 kB
PageTables:         8544 kB
NFS_Unstable:          0 kB
Bounce:                0 kB
WritebackTmp:          0 kB
CommitLimit:     4025988 kB
Committed_AS:    3384140 kB
VmallocTotal:     122880 kB
VmallocUsed:       22528 kB
VmallocChunk:      98360 kB
HardwareCorrupted:     0 kB
AnonHugePages:         0 kB
HugePages_Total:       0
HugePages_Free:        0
HugePages_Rsvd:        0
HugePages_Surp:        0
Hugepagesize:       4096 kB
DirectMap4k:       90104 kB
DirectMap4M:      819200 kB


CPU:total 2 (2 cores per cpu, 1 threads per core) family 6 model 15 stepping 6, cmov, cx8, fxsr, mmx, sse, sse2, sse3, ssse3

Memory: 4k page, physical 2059812k(335584k free), swap 2996084k(2996084k free)

vm_info: OpenJDK Server VM (20.0-b12) for linux-x86 JRE (1.6.0_24-b24), built on Oct 24 2012 16:19:13 by "buildd" with gcc 4.6.3

time: Mon Jan 21 19:14:33 2013
elapsed time: 5 seconds

