#
# A fatal error has been detected by the Java Runtime Environment:
#
#  SIGSEGV (0xb) at pc=0x00913187, pid=3306, tid=2258619200
#
# JRE version: 6.0_24-b24
# Java VM: OpenJDK Server VM (20.0-b12 mixed mode linux-x86 )
# Derivative: IcedTea6 1.11.5
# Distribution: Ubuntu 12.04 LTS, package 6b24-1.11.5-0ubuntu1~12.04.1
# Problematic frame:
# C  [libgdx.so+0x28187]  b2Joint::Destroy(b2Joint*, b2BlockAllocator*)+0x27
#
# If you would like to submit a bug report, please include
# instructions how to reproduce the bug and visit:
#   https://bugs.launchpad.net/ubuntu/+source/openjdk-6/
# The crash happened outside the Java Virtual Machine in native code.
# See problematic frame for where to report the bug.
#

---------------  T H R E A D  ---------------

Current thread (0x8b347400):  JavaThread "LWJGL Application" [_thread_in_native, id=3328, stack(0x869ac000,0x869fd000)]

siginfo:si_signo=SIGSEGV: si_errno=0, si_code=128 (), si_addr=0x00000000

Registers:
EAX=0x0b075410, EBX=0x00957ff4, ECX=0x00000000, EDX=0x0b075330
ESP=0x869fba70, EBP=0x0afa7360, ESI=0x0b075310, EDI=0x0af8de68
EIP=0x00913187, EFLAGS=0x00210202, CR2=0xb633b100

Top of Stack: (sp=0x869fba70)
0x869fba70:   0b075310 00000000 8b347400 0090a434
0x869fba80:   00957ff4 0afa70e0 0af8de68 0092079d
0x869fba90:   0b075310 0af8de68 869fbb14 b46124d4
0x869fbaa0:   b4602688 00000000 869fbb40 009fbb14
0x869fbab0:   869fbb14 b46124d4 b4602688 00957ff4
0x869fbac0:   8ccb8ce8 8b347400 869fbb38 00929cf3
0x869fbad0:   0af8de68 0b075310 00000080 869fbadc
0x869fbae0:   8cb278d8 869fbb1c 8ccb8ce8 b460a64a 

Instructions: (pc=0x00913187)
0x00913167:   8b 74 24 20 89 5c 24 10 e8 93 b1 fe ff 81 c3 80
0x00913177:   4e 04 00 89 7c 24 18 8b 7c 24 24 8b 06 89 34 24
0x00913187:   ff 50 14 83 7e 04 0a 76 30 8d 83 4c 13 ff ff 89
0x00913197:   44 24 0c 8d 83 70 12 ff ff 89 44 24 04 8d 83 ba 

Register to memory mapping:

EAX=0x0b075410 is an unknown value
EBX=0x00957ff4: <offset 0x6cff4> in /tmp/libgdxdennis/4088972827/libgdx.so at 0x008eb000
ECX=0x00000000 is an unknown value
EDX=0x0b075330 is an unknown value
ESP=0x869fba70 is pointing into the stack for thread: 0x8b347400
EBP=0x0afa7360 is an unknown value
ESI=0x0b075310 is an unknown value
EDI=0x0af8de68 is an unknown value


Stack: [0x869ac000,0x869fd000],  sp=0x869fba70,  free space=318k
Native frames: (J=compiled Java code, j=interpreted, Vv=VM code, C=native code)
C  [libgdx.so+0x28187]  b2Joint::Destroy(b2Joint*, b2BlockAllocator*)+0x27

Java frames: (J=compiled Java code, j=interpreted, Vv=VM code)
j  com.badlogic.gdx.physics.box2d.World.jniDestroyJoint(JJ)V+0
j  com.badlogic.gdx.physics.box2d.World.destroyJoint(Lcom/badlogic/gdx/physics/box2d/Joint;)V+57
j  com.blindtigergames.werescrewed.entity.Player.jump()V+18
j  com.blindtigergames.werescrewed.entity.Player.moveLeft()V+22
j  com.blindtigergames.werescrewed.entity.Player.update()V+42
j  com.blindtigergames.werescrewed.screens.PhysicsTestScreen.render(F)V+74
j  com.badlogic.gdx.Game.render()V+19
j  com.blindtigergames.werescrewed.WereScrewedGame.render()V+6
j  com.badlogic.gdx.backends.lwjgl.LwjglApplication.mainLoop()V+501
j  com.badlogic.gdx.backends.lwjgl.LwjglApplication$1.run()V+27
v  ~StubRoutines::call_stub

---------------  P R O C E S S  ---------------

Java Threads: ( => current thread )
  0xb7605800 JavaThread "DestroyJavaVM" [_thread_blocked, id=3307, stack(0xb7725000,0xb7776000)]
=>0x8b347400 JavaThread "LWJGL Application" [_thread_in_native, id=3328, stack(0x869ac000,0x869fd000)]
  0x8b7fcc00 JavaThread "AWT-XAWT" daemon [_thread_in_native, id=3324, stack(0x8b61d000,0x8b66e000)]
  0x8b78f400 JavaThread "Java2D Disposer" daemon [_thread_blocked, id=3323, stack(0x8b856000,0x8b8a7000)]
  0xb76a4800 JavaThread "Low Memory Detector" daemon [_thread_blocked, id=3321, stack(0x8b928000,0x8b979000)]
  0xb76a2c00 JavaThread "C2 CompilerThread1" daemon [_thread_blocked, id=3320, stack(0x8b979000,0x8b9fa000)]
  0xb76a0c00 JavaThread "C2 CompilerThread0" daemon [_thread_blocked, id=3319, stack(0x8b9fa000,0x8ba7b000)]
  0xb769f400 JavaThread "Signal Dispatcher" daemon [_thread_blocked, id=3318, stack(0x8ba7b000,0x8bacc000)]
  0xb768fc00 JavaThread "Finalizer" daemon [_thread_blocked, id=3317, stack(0x8bccc000,0x8bd1d000)]
  0xb768e400 JavaThread "Reference Handler" daemon [_thread_blocked, id=3316, stack(0x8bd1d000,0x8bd6e000)]

Other Threads:
  0xb768a400 VMThread [stack: 0x8c04c000,0x8c0cd000] [id=3315]
  0xb76a6400 WatcherThread [stack: 0x8b8a7000,0x8b928000] [id=3322]

VM state:not at safepoint (normal execution)

VM Mutex/Monitor currently owned by a thread: None

Heap
 PSYoungGen      total 9408K, used 6529K [0xa9aa0000, 0xaa510000, 0xb4540000)
  eden space 8128K, 72% used [0xa9aa0000,0xaa058c38,0xaa290000)
  from space 1280K, 52% used [0xaa290000,0xaa337b88,0xaa3d0000)
  to   space 1280K, 0% used [0xaa3d0000,0xaa3d0000,0xaa510000)
 PSOldGen        total 21504K, used 0K [0x94540000, 0x95a40000, 0xa9aa0000)
  object space 21504K, 0% used [0x94540000,0x94540000,0x95a40000)
 PSPermGen       total 16384K, used 8201K [0x8c540000, 0x8d540000, 0x94540000)
  object space 16384K, 50% used [0x8c540000,0x8cd424b0,0x8d540000)

Code Cache  [0xb4600000, 0xb4840000, 0xb7600000)
 total_blobs=454 nmethods=146 adapters=263 free_code_cache=49740288 largest_free_block=16512

Dynamic libraries:
00110000-00113000 r-xp 00000000 08:01 409751     /lib/i386-linux-gnu/libdl-2.15.so
00113000-00114000 r--p 00002000 08:01 409751     /lib/i386-linux-gnu/libdl-2.15.so
00114000-00115000 rw-p 00003000 08:01 409751     /lib/i386-linux-gnu/libdl-2.15.so
00115000-002b8000 r-xp 00000000 08:01 409673     /lib/i386-linux-gnu/libc-2.15.so
002b8000-002b9000 ---p 001a3000 08:01 409673     /lib/i386-linux-gnu/libc-2.15.so
002b9000-002bb000 r--p 001a3000 08:01 409673     /lib/i386-linux-gnu/libc-2.15.so
002bb000-002bc000 rw-p 001a5000 08:01 409673     /lib/i386-linux-gnu/libc-2.15.so
002bc000-002bf000 rw-p 00000000 00:00 0 
002bf000-00397000 r-xp 00000000 08:01 2820431    /usr/lib/i386-linux-gnu/libstdc++.so.6.0.16
00397000-00398000 ---p 000d8000 08:01 2820431    /usr/lib/i386-linux-gnu/libstdc++.so.6.0.16
00398000-0039c000 r--p 000d8000 08:01 2820431    /usr/lib/i386-linux-gnu/libstdc++.so.6.0.16
0039c000-0039d000 rw-p 000dc000 08:01 2820431    /usr/lib/i386-linux-gnu/libstdc++.so.6.0.16
0039d000-003a4000 rw-p 00000000 00:00 0 
003a4000-003c0000 r-xp 00000000 08:01 409692     /lib/i386-linux-gnu/libgcc_s.so.1
003c0000-003c1000 r--p 0001b000 08:01 409692     /lib/i386-linux-gnu/libgcc_s.so.1
003c1000-003c2000 rw-p 0001c000 08:01 409692     /lib/i386-linux-gnu/libgcc_s.so.1
003c2000-003e8000 r-xp 00000000 08:01 5259267    /usr/lib/jvm/java-6-openjdk-i386/jre/lib/i386/libjava.so
003e8000-003e9000 r--p 00025000 08:01 5259267    /usr/lib/jvm/java-6-openjdk-i386/jre/lib/i386/libjava.so
003e9000-003eb000 rw-p 00026000 08:01 5259267    /usr/lib/jvm/java-6-openjdk-i386/jre/lib/i386/libjava.so
003eb000-00401000 r-xp 00000000 08:01 409769     /lib/i386-linux-gnu/libnsl-2.15.so
00401000-00402000 r--p 00015000 08:01 409769     /lib/i386-linux-gnu/libnsl-2.15.so
00402000-00403000 rw-p 00016000 08:01 409769     /lib/i386-linux-gnu/libnsl-2.15.so
00403000-00405000 rw-p 00000000 00:00 0 
00405000-0040f000 r-xp 00000000 08:01 409712     /lib/i386-linux-gnu/libnss_nis-2.15.so
0040f000-00410000 r--p 00009000 08:01 409712     /lib/i386-linux-gnu/libnss_nis-2.15.so
00410000-00411000 rw-p 0000a000 08:01 409712     /lib/i386-linux-gnu/libnss_nis-2.15.so
00411000-0041c000 r-xp 00000000 08:01 409703     /lib/i386-linux-gnu/libnss_files-2.15.so
0041c000-0041d000 r--p 0000a000 08:01 409703     /lib/i386-linux-gnu/libnss_files-2.15.so
0041d000-0041e000 rw-p 0000b000 08:01 409703     /lib/i386-linux-gnu/libnss_files-2.15.so
0041e000-00420000 r-xp 00000000 08:01 2820671    /usr/lib/i386-linux-gnu/libXau.so.6.0.0
00420000-00421000 r--p 00001000 08:01 2820671    /usr/lib/i386-linux-gnu/libXau.so.6.0.0
00421000-00422000 rw-p 00002000 08:01 2820671    /usr/lib/i386-linux-gnu/libXau.so.6.0.0
00422000-00423000 r-xp 00000000 08:01 5259269    /usr/lib/jvm/java-6-openjdk-i386/jre/lib/i386/libjawt.so
00423000-00424000 r--p 00000000 08:01 5259269    /usr/lib/jvm/java-6-openjdk-i386/jre/lib/i386/libjawt.so
00424000-00425000 rw-p 00001000 08:01 5259269    /usr/lib/jvm/java-6-openjdk-i386/jre/lib/i386/libjawt.so
00425000-00430000 r-xp 00000000 08:01 5259289    /usr/lib/jvm/java-6-openjdk-i386/jre/lib/i386/libverify.so
00430000-00431000 ---p 0000b000 08:01 5259289    /usr/lib/jvm/java-6-openjdk-i386/jre/lib/i386/libverify.so
00431000-00432000 r--p 0000b000 08:01 5259289    /usr/lib/jvm/java-6-openjdk-i386/jre/lib/i386/libverify.so
00432000-00433000 rw-p 0000c000 08:01 5259289    /usr/lib/jvm/java-6-openjdk-i386/jre/lib/i386/libverify.so
00433000-0043a000 r-xp 00000000 08:01 5259268    /usr/lib/jvm/java-6-openjdk-i386/jre/lib/i386/libzip.so
0043a000-0043b000 r--p 00006000 08:01 5259268    /usr/lib/jvm/java-6-openjdk-i386/jre/lib/i386/libzip.so
0043b000-0043c000 rw-p 00007000 08:01 5259268    /usr/lib/jvm/java-6-openjdk-i386/jre/lib/i386/libzip.so
0043c000-00488000 r-xp 00000000 08:01 3538946    /usr/lib/jvm/java-6-openjdk-i386/jre/lib/i386/xawt/libmawt.so
00488000-00489000 r--p 0004b000 08:01 3538946    /usr/lib/jvm/java-6-openjdk-i386/jre/lib/i386/xawt/libmawt.so
00489000-0048b000 rw-p 0004c000 08:01 3538946    /usr/lib/jvm/java-6-openjdk-i386/jre/lib/i386/xawt/libmawt.so
0048b000-0048c000 rw-p 00000000 00:00 0 
0048c000-0049c000 r-xp 00000000 08:01 2820677    /usr/lib/i386-linux-gnu/libXext.so.6.4.0
0049c000-0049d000 r--p 0000f000 08:01 2820677    /usr/lib/i386-linux-gnu/libXext.so.6.4.0
0049d000-0049e000 rw-p 00010000 08:01 2820677    /usr/lib/i386-linux-gnu/libXext.so.6.4.0
0049e000-004a6000 r-xp 00000000 08:01 2820702    /usr/lib/i386-linux-gnu/libXrender.so.1.3.0
004a6000-004a7000 r--p 00007000 08:01 2820702    /usr/lib/i386-linux-gnu/libXrender.so.1.3.0
004a7000-004a8000 rw-p 00008000 08:01 2820702    /usr/lib/i386-linux-gnu/libXrender.so.1.3.0
004a8000-004b6000 r-xp 00000000 08:01 2820773    /usr/lib/i386-linux-gnu/libXi.so.6.1.0
004b6000-004b7000 r--p 0000d000 08:01 2820773    /usr/lib/i386-linux-gnu/libXi.so.6.1.0
004b7000-004b8000 rw-p 0000e000 08:01 2820773    /usr/lib/i386-linux-gnu/libXi.so.6.1.0
004b8000-004d7000 r-xp 00000000 08:01 2818143    /usr/lib/i386-linux-gnu/libxcb.so.1.1.0
004d7000-004d8000 r--p 0001f000 08:01 2818143    /usr/lib/i386-linux-gnu/libxcb.so.1.1.0
004d8000-004d9000 rw-p 00020000 08:01 2818143    /usr/lib/i386-linux-gnu/libxcb.so.1.1.0
004dc000-00506000 r-xp 00000000 08:01 409739     /lib/i386-linux-gnu/libm-2.15.so
00506000-00507000 r--p 00029000 08:01 409739     /lib/i386-linux-gnu/libm-2.15.so
00507000-00508000 rw-p 0002a000 08:01 409739     /lib/i386-linux-gnu/libm-2.15.so
00508000-0050d000 r-xp 00000000 08:01 2820673    /usr/lib/i386-linux-gnu/libXdmcp.so.6.0.0
0050d000-0050e000 r--p 00004000 08:01 2820673    /usr/lib/i386-linux-gnu/libXdmcp.so.6.0.0
0050e000-0050f000 rw-p 00005000 08:01 2820673    /usr/lib/i386-linux-gnu/libXdmcp.so.6.0.0
00510000-00527000 r-xp 00000000 08:01 409715     /lib/i386-linux-gnu/libpthread-2.15.so
00527000-00528000 r--p 00016000 08:01 409715     /lib/i386-linux-gnu/libpthread-2.15.so
00528000-00529000 rw-p 00017000 08:01 409715     /lib/i386-linux-gnu/libpthread-2.15.so
00529000-0052b000 rw-p 00000000 00:00 0 
0052b000-005be000 r-xp 00000000 08:01 5259271    /usr/lib/jvm/java-6-openjdk-i386/jre/lib/i386/libawt.so
005be000-005bf000 r--p 00092000 08:01 5259271    /usr/lib/jvm/java-6-openjdk-i386/jre/lib/i386/libawt.so
005bf000-005c6000 rw-p 00093000 08:01 5259271    /usr/lib/jvm/java-6-openjdk-i386/jre/lib/i386/libawt.so
005c6000-005ea000 rw-p 00000000 00:00 0 
005ea000-00624000 r-xp 00000000 08:01 5259283    /usr/lib/jvm/java-6-openjdk-i386/jre/lib/i386/libfontmanager.so
00624000-00625000 r--p 00039000 08:01 5259283    /usr/lib/jvm/java-6-openjdk-i386/jre/lib/i386/libfontmanager.so
00625000-00626000 rw-p 0003a000 08:01 5259283    /usr/lib/jvm/java-6-openjdk-i386/jre/lib/i386/libfontmanager.so
00626000-0062f000 r-xp 00000000 08:01 2820769    /usr/lib/i386-linux-gnu/libXcursor.so.1.0.2
0062f000-00630000 r--p 00008000 08:01 2820769    /usr/lib/i386-linux-gnu/libXcursor.so.1.0.2
00630000-00631000 rw-p 00009000 08:01 2820769    /usr/lib/i386-linux-gnu/libXcursor.so.1.0.2
00631000-00633000 r-xp 00000000 08:01 2820775    /usr/lib/i386-linux-gnu/libXinerama.so.1.0.0
00633000-00634000 r--p 00001000 08:01 2820775    /usr/lib/i386-linux-gnu/libXinerama.so.1.0.0
00634000-00635000 rw-p 00002000 08:01 2820775    /usr/lib/i386-linux-gnu/libXinerama.so.1.0.0
00636000-0063b000 r-xp 00000000 08:01 2820785    /usr/lib/i386-linux-gnu/libXtst.so.6.1.0
0063b000-0063c000 r--p 00004000 08:01 2820785    /usr/lib/i386-linux-gnu/libXtst.so.6.1.0
0063c000-0063d000 rw-p 00005000 08:01 2820785    /usr/lib/i386-linux-gnu/libXtst.so.6.1.0
0063d000-00641000 r-xp 00000000 08:01 2820767    /usr/lib/i386-linux-gnu/libXfixes.so.3.1.0
00641000-00642000 r--p 00004000 08:01 2820767    /usr/lib/i386-linux-gnu/libXfixes.so.3.1.0
00642000-00643000 rw-p 00005000 08:01 2820767    /usr/lib/i386-linux-gnu/libXfixes.so.3.1.0
00643000-0064a000 r-xp 00000000 08:01 2820777    /usr/lib/i386-linux-gnu/libXrandr.so.2.2.0
0064a000-0064b000 r--p 00006000 08:01 2820777    /usr/lib/i386-linux-gnu/libXrandr.so.2.2.0
0064b000-0064c000 rw-p 00007000 08:01 2820777    /usr/lib/i386-linux-gnu/libXrandr.so.2.2.0
0064c000-00698000 r-xp 00000000 08:01 2818924    /usr/lib/i386-linux-gnu/libpulse.so.0.13.5
00698000-00699000 r--p 0004b000 08:01 2818924    /usr/lib/i386-linux-gnu/libpulse.so.0.13.5
00699000-0069a000 rw-p 0004c000 08:01 2818924    /usr/lib/i386-linux-gnu/libpulse.so.0.13.5
0069f000-006a6000 r-xp 00000000 08:01 409711     /lib/i386-linux-gnu/librt-2.15.so
006a6000-006a7000 r--p 00006000 08:01 409711     /lib/i386-linux-gnu/librt-2.15.so
006a7000-006a8000 rw-p 00007000 08:01 409711     /lib/i386-linux-gnu/librt-2.15.so
006a8000-00705000 r-xp 00000000 08:01 5464125    /tmp/libgdxdennis/2789486150/liblwjgl.so
00705000-00706000 r--p 0005d000 08:01 5464125    /tmp/libgdxdennis/2789486150/liblwjgl.so
00706000-00707000 rw-p 0005e000 08:01 5464125    /tmp/libgdxdennis/2789486150/liblwjgl.so
00707000-0070c000 r-xp 00000000 08:01 2820500    /usr/lib/i386-linux-gnu/libasyncns.so.0.3.1
0070c000-0070d000 r--p 00004000 08:01 2820500    /usr/lib/i386-linux-gnu/libasyncns.so.0.3.1
0070d000-0070e000 rw-p 00005000 08:01 2820500    /usr/lib/i386-linux-gnu/libasyncns.so.0.3.1
0070e000-00714000 r-xp 00000000 08:01 2820726    /usr/lib/i386-linux-gnu/libogg.so.0.7.1
00714000-00715000 r--p 00005000 08:01 2820726    /usr/lib/i386-linux-gnu/libogg.so.0.7.1
00715000-00716000 rw-p 00006000 08:01 2820726    /usr/lib/i386-linux-gnu/libogg.so.0.7.1
00716000-00729000 r-xp 00000000 08:01 409704     /lib/i386-linux-gnu/libresolv-2.15.so
00729000-0072a000 ---p 00013000 08:01 409704     /lib/i386-linux-gnu/libresolv-2.15.so
0072a000-0072b000 r--p 00013000 08:01 409704     /lib/i386-linux-gnu/libresolv-2.15.so
0072b000-0072c000 rw-p 00014000 08:01 409704     /lib/i386-linux-gnu/libresolv-2.15.so
0072c000-0072e000 rw-p 00000000 00:00 0 
0072e000-00732000 r-xp 00000000 08:01 5349377    /usr/lib/jvm/java-6-openjdk-i386/jre/lib/i386/jli/libjli.so
00732000-00733000 r--p 00003000 08:01 5349377    /usr/lib/jvm/java-6-openjdk-i386/jre/lib/i386/jli/libjli.so
00733000-00734000 rw-p 00004000 08:01 5349377    /usr/lib/jvm/java-6-openjdk-i386/jre/lib/i386/jli/libjli.so
00734000-0073b000 r-xp 00000000 08:01 3572249    /usr/lib/fglrx/libatiuki.so.1.0
0073b000-0073c000 rw-p 00006000 08:01 3572249    /usr/lib/fglrx/libatiuki.so.1.0
0075b000-00762000 r-xp 00000000 08:01 409680     /lib/i386-linux-gnu/libnss_compat-2.15.so
00762000-00763000 r--p 00006000 08:01 409680     /lib/i386-linux-gnu/libnss_compat-2.15.so
00763000-00764000 rw-p 00007000 08:01 409680     /lib/i386-linux-gnu/libnss_compat-2.15.so
00764000-007f9000 r-xp 00000000 08:01 2818368    /usr/lib/i386-linux-gnu/libfreetype.so.6.8.0
007f9000-007fd000 r--p 00094000 08:01 2818368    /usr/lib/i386-linux-gnu/libfreetype.so.6.8.0
007fd000-007fe000 rw-p 00098000 08:01 2818368    /usr/lib/i386-linux-gnu/libfreetype.so.6.8.0
007fe000-00845000 r-xp 00000000 08:01 409638     /lib/i386-linux-gnu/libdbus-1.so.3.5.8
00845000-00846000 r--p 00047000 08:01 409638     /lib/i386-linux-gnu/libdbus-1.so.3.5.8
00846000-00847000 rw-p 00048000 08:01 409638     /lib/i386-linux-gnu/libdbus-1.so.3.5.8
00855000-00856000 r-xp 00000000 00:00 0          [vdso]
00856000-008b9000 r-xp 00000000 08:01 2818320    /usr/lib/i386-linux-gnu/libpulsecommon-1.1.so
008b9000-008ba000 r--p 00062000 08:01 2818320    /usr/lib/i386-linux-gnu/libpulsecommon-1.1.so
008ba000-008bb000 rw-p 00063000 08:01 2818320    /usr/lib/i386-linux-gnu/libpulsecommon-1.1.so
008bb000-008e4000 r-xp 00000000 08:01 2820730    /usr/lib/i386-linux-gnu/libvorbis.so.0.4.5
008e4000-008e5000 r--p 00028000 08:01 2820730    /usr/lib/i386-linux-gnu/libvorbis.so.0.4.5
008e5000-008e6000 rw-p 00029000 08:01 2820730    /usr/lib/i386-linux-gnu/libvorbis.so.0.4.5
008eb000-00956000 r-xp 00000000 08:01 5464123    /tmp/libgdxdennis/4088972827/libgdx.so
00956000-00957000 ---p 0006b000 08:01 5464123    /tmp/libgdxdennis/4088972827/libgdx.so
00957000-00958000 r--p 0006b000 08:01 5464123    /tmp/libgdxdennis/4088972827/libgdx.so
00958000-00959000 rw-p 0006c000 08:01 5464123    /tmp/libgdxdennis/4088972827/libgdx.so
00959000-00a89000 r-xp 00000000 08:01 2820436    /usr/lib/i386-linux-gnu/libX11.so.6.3.0
00a89000-00a8a000 r--p 0012f000 08:01 2820436    /usr/lib/i386-linux-gnu/libX11.so.6.3.0
00a8a000-00a8c000 rw-p 00130000 08:01 2820436    /usr/lib/i386-linux-gnu/libX11.so.6.3.0
00a8c000-00a8d000 rw-p 00000000 00:00 0 
00a8d000-00af9000 r-xp 00000000 08:01 2820734    /usr/lib/i386-linux-gnu/libsndfile.so.1.0.25
00af9000-00afa000 r--p 0006c000 08:01 2820734    /usr/lib/i386-linux-gnu/libsndfile.so.1.0.25
00afa000-00afb000 rw-p 0006d000 08:01 2820734    /usr/lib/i386-linux-gnu/libsndfile.so.1.0.25
00afb000-00aff000 rw-p 00000000 00:00 0 
00aff000-00b4b000 r-xp 00000000 08:01 2820728    /usr/lib/i386-linux-gnu/libFLAC.so.8.2.0
00b4b000-00b4c000 r--p 0004b000 08:01 2820728    /usr/lib/i386-linux-gnu/libFLAC.so.8.2.0
00b4c000-00b4d000 rw-p 0004c000 08:01 2820728    /usr/lib/i386-linux-gnu/libFLAC.so.8.2.0
00b5c000-00ba7000 r-xp 00000000 08:01 5464126    /tmp/libgdxdennis/2789486150/libopenal.so
00ba7000-00ba8000 r--p 0004b000 08:01 5464126    /tmp/libgdxdennis/2789486150/libopenal.so
00ba8000-00ba9000 rw-p 0004c000 08:01 5464126    /tmp/libgdxdennis/2789486150/libopenal.so
00bbf000-00bc7000 r-xp 00000000 08:01 409700     /lib/i386-linux-gnu/libwrap.so.0.7.6
00bc7000-00bc8000 r--p 00007000 08:01 409700     /lib/i386-linux-gnu/libwrap.so.0.7.6
00bc8000-00bc9000 rw-p 00008000 08:01 409700     /lib/i386-linux-gnu/libwrap.so.0.7.6
00be9000-00bef000 r-xp 00000000 08:01 2820502    /usr/lib/i386-linux-gnu/libjson.so.0.0.1
00bef000-00bf0000 r--p 00005000 08:01 2820502    /usr/lib/i386-linux-gnu/libjson.so.0.0.1
00bf0000-00bf1000 rw-p 00006000 08:01 2820502    /usr/lib/i386-linux-gnu/libjson.so.0.0.1
00bff000-00c13000 r-xp 00000000 08:01 409934     /lib/i386-linux-gnu/libz.so.1.2.3.4
00c13000-00c14000 r--p 00013000 08:01 409934     /lib/i386-linux-gnu/libz.so.1.2.3.4
00c14000-00c15000 rw-p 00014000 08:01 409934     /lib/i386-linux-gnu/libz.so.1.2.3.4
00c15000-00c50000 r-xp 00000000 08:01 3572233    /usr/lib/fglrx/libatiadlxx.so
00c50000-00c52000 rw-p 0003b000 08:01 3572233    /usr/lib/fglrx/libatiadlxx.so
00c52000-00c62000 rw-p 00000000 00:00 0 
00c80000-00ca0000 r-xp 00000000 08:01 409740     /lib/i386-linux-gnu/ld-2.15.so
00ca0000-00ca1000 r--p 0001f000 08:01 409740     /lib/i386-linux-gnu/ld-2.15.so
00ca1000-00ca2000 rw-p 00020000 08:01 409740     /lib/i386-linux-gnu/ld-2.15.so
00ca2000-014c1000 r-xp 00000000 08:01 5423107    /usr/lib/jvm/java-6-openjdk-i386/jre/lib/i386/server/libjvm.so
014c1000-014c2000 ---p 0081f000 08:01 5423107    /usr/lib/jvm/java-6-openjdk-i386/jre/lib/i386/server/libjvm.so
014c2000-01507000 r--p 0081f000 08:01 5423107    /usr/lib/jvm/java-6-openjdk-i386/jre/lib/i386/server/libjvm.so
01507000-01516000 rw-p 00864000 08:01 5423107    /usr/lib/jvm/java-6-openjdk-i386/jre/lib/i386/server/libjvm.so
01516000-01930000 rw-p 00000000 00:00 0 
01930000-03ca8000 r-xp 00000000 08:01 4153441    /usr/lib/fglrx/dri/fglrx_dri.so
03ca8000-03d99000 rw-p 02378000 08:01 4153441    /usr/lib/fglrx/dri/fglrx_dri.so
03d99000-03e67000 rw-p 00000000 00:00 0 
04751000-048b7000 r-xp 00000000 08:01 2820732    /usr/lib/i386-linux-gnu/libvorbisenc.so.2.0.8
048b7000-048c8000 r--p 00165000 08:01 2820732    /usr/lib/i386-linux-gnu/libvorbisenc.so.2.0.8
048c8000-048c9000 rw-p 00176000 08:01 2820732    /usr/lib/i386-linux-gnu/libvorbisenc.so.2.0.8
08048000-08051000 r-xp 00000000 08:01 4988930    /usr/lib/jvm/java-6-openjdk-i386/jre/bin/java
08051000-08052000 r--p 00008000 08:01 4988930    /usr/lib/jvm/java-6-openjdk-i386/jre/bin/java
08052000-08053000 rw-p 00009000 08:01 4988930    /usr/lib/jvm/java-6-openjdk-i386/jre/bin/java
093c2000-0948e000 r-xp 00000000 08:01 3572238    /usr/lib/fglrx/libGL.so.1.2
0948e000-0949a000 rwxp 000cb000 08:01 3572238    /usr/lib/fglrx/libGL.so.1.2
0949a000-094af000 rwxp 00000000 00:00 0 
09eeb000-0b383000 rw-p 00000000 00:00 0          [heap]
84900000-849fb000 rw-p 00000000 00:00 0 
849fb000-84a00000 ---p 00000000 00:00 0 
84a00000-84ac4000 rw-p 00000000 00:00 0 
84ac4000-84b00000 ---p 00000000 00:00 0 
84b00000-84be0000 rw-p 00000000 00:00 0 
84be0000-84c00000 ---p 00000000 00:00 0 
84ce8000-84ee9000 rw-s c55ab000 00:05 10137      /dev/ati/card0
84ee9000-84fe9000 rw-s 068ff000 00:05 10137      /dev/ati/card0
84fe9000-850aa000 rw-p 00000000 00:00 0 
850aa000-850ab000 ---p 00000000 00:00 0 
850ab000-858ab000 rw-p 00000000 00:00 0 
858ab000-858ac000 ---p 00000000 00:00 0 
858ac000-860ac000 rw-p 00000000 00:00 0 
860ac000-867ac000 rw-s 00006000 00:05 10137      /dev/ati/card0
867ac000-869ac000 rw-p 00000000 00:00 0 
869ac000-869af000 ---p 00000000 00:00 0 
869af000-869fd000 rw-p 00000000 00:00 0 
869fd000-869fe000 ---p 00000000 00:00 0 
869fe000-86afe000 rw-p 00000000 00:00 0 
86afe000-8aaff000 rw-s 00000000 00:12 19922      /run/shm/pulse-shm-1861623942
8aaff000-8ab00000 ---p 00000000 00:00 0 
8ab00000-8b300000 rw-p 00000000 00:00 0 
8b300000-8b351000 rw-p 00000000 00:00 0 
8b351000-8b400000 ---p 00000000 00:00 0 
8b426000-8b466000 rw-s 0002b000 00:05 10137      /dev/ati/card0
8b466000-8b486000 rw-s dfde0000 00:05 10137      /dev/ati/card0
8b486000-8b489000 ---p 00000000 00:00 0 
8b489000-8b500000 rw-p 00000000 00:00 0 
8b500000-8b600000 rw-p 00000000 00:00 0 
8b61d000-8b620000 ---p 00000000 00:00 0 
8b620000-8b66e000 rw-p 00000000 00:00 0 
8b66e000-8b66f000 r--s 00000000 08:01 4221004    /var/cache/fontconfig/c05880de57d1f5e948fdfacc138775d9-le32d4.cache-3
8b66f000-8b675000 r--s 00000000 08:01 4220969    /var/cache/fontconfig/945677eb7aeaf62f1d50efc3fb3ec7d8-le32d4.cache-3
8b675000-8b677000 r--s 00000000 08:01 4220909    /var/cache/fontconfig/99e8ed0e538f840c565b6ed5dad60d56-le32d4.cache-3
8b677000-8b67d000 r--s 00000000 08:01 4220876    /var/cache/fontconfig/a6d8cf8e4ec09cdbc8633c31745a07dd-le32d4.cache-3
8b67d000-8b680000 r--s 00000000 08:01 4220840    /var/cache/fontconfig/2cd17615ca594fa2959ae173292e504c-le32d4.cache-3
8b680000-8b681000 r--s 00000000 08:01 4220800    /var/cache/fontconfig/e7071f4a29fa870f4323321c154eba04-le32d4.cache-3
8b681000-8b683000 r--s 00000000 08:01 4220798    /var/cache/fontconfig/c69f04ab05004e31a6d5e715764f16d8-le32d4.cache-3
8b683000-8b684000 r--s 00000000 08:01 4220771    /var/cache/fontconfig/0d8c3b2ac0904cb8a57a757ad11a4a08-le32d4.cache-3
8b684000-8b688000 r--s 00000000 08:01 4220730    /var/cache/fontconfig/a755afe4a08bf5b97852ceb7400b47bc-le32d4.cache-3
8b688000-8b68f000 r--s 00000000 08:01 4220036    /var/cache/fontconfig/6d41288fd70b0be22e8c3a91e032eec0-le32d4.cache-3
8b68f000-8b69a000 r--s 00000000 08:01 4220684    /var/cache/fontconfig/04aabc0a78ac019cf9454389977116d2-le32d4.cache-3
8b69a000-8b69d000 r--s 00000000 08:01 4220672    /var/cache/fontconfig/385c0604a188198f04d133e54aba7fe7-le32d4.cache-3
8b69d000-8b69e000 r--s 00000000 08:01 4220661    /var/cache/fontconfig/4794a0821666d79190d59a36cb4f44b5-le32d4.cache-3
8b69e000-8b6a1000 r--s 00000000 08:01 4220458    /var/cache/fontconfig/8801497958630a81b71ace7c5f9b32a8-le32d4.cache-3
8b6a1000-8b6c3000 r--s 00000000 08:01 4221974    /var/cache/fontconfig/365b55f210c0a22e9a19e35191240f32-le32d4.cache-3
8b6c3000-8b6c7000 r--s 00000000 08:01 4220393    /var/cache/fontconfig/3047814df9a2f067bd2d96a2b9c36e5a-le32d4.cache-3
8b6c7000-8b6c8000 r--s 00000000 08:01 4220392    /var/cache/fontconfig/56cf4f4769d0f4abc89a4895d7bd3ae1-le32d4.cache-3
8b6c8000-8b6cb000 r--s 00000000 08:01 4220387    /var/cache/fontconfig/de9486f0b47a4d768a594cb4198cb1c6-le32d4.cache-3
8b6cb000-8b6cc000 r--s 00000000 08:01 4220371    /var/cache/fontconfig/b9d506c9ac06c20b433354fa67a72993-le32d4.cache-3
8b6cc000-8b6d0000 r--s 00000000 08:01 4220363    /var/cache/fontconfig/b47c4e1ecd0709278f4910c18777a504-le32d4.cache-3
8b6d0000-8b6d6000 r--s 00000000 08:01 4220818    /var/cache/fontconfig/52f7bdb7ce746bfd7eaa1985bd9cfa93-le32d4.cache-3
8b6d6000-8b6e3000 r--s 00000000 08:01 4220357    /var/cache/fontconfig/d52a8644073d54c13679302ca1180695-le32d4.cache-3
8b6e3000-8b6eb000 r--s 00000000 08:01 4220352    /var/cache/fontconfig/0016f91d272966d80cf1fcd12c9c3815-le32d4.cache-3
8b6eb000-8b6ef000 r--s 00000000 08:01 4220810    /var/cache/fontconfig/3f7329c5293ffd510edef78f73874cfd-le32d4.cache-3
8b6ef000-8b6f5000 r--s 00000000 08:01 4220322    /var/cache/fontconfig/089dead882dea3570ffc31a9898cfb69-le32d4.cache-3
8b6f5000-8b6fd000 r--s 00000000 08:01 4219303    /var/cache/fontconfig/e13b20fdb08344e0e664864cc2ede53d-le32d4.cache-3
8b6fd000-8b700000 r--s 00000000 08:01 4221978    /var/cache/fontconfig/7ef2298fde41cc6eeb7af42e48b7d293-le32d4.cache-3
8b700000-8b7fd000 rw-p 00000000 00:00 0 
8b7fd000-8b800000 ---p 00000000 00:00 0 
8b809000-8b80a000 rw-s 00005000 00:05 10137      /dev/ati/card0
8b80a000-8b80c000 rw-s 00002000 00:05 10137      /dev/ati/card0
8b80c000-8b813000 r--s 00000000 08:01 2818683    /usr/lib/i386-linux-gnu/gconv/gconv-modules.cache
8b813000-8b814000 r--s 00000000 08:01 4221004    /var/cache/fontconfig/c05880de57d1f5e948fdfacc138775d9-le32d4.cache-3
8b814000-8b81a000 r--s 00000000 08:01 4220969    /var/cache/fontconfig/945677eb7aeaf62f1d50efc3fb3ec7d8-le32d4.cache-3
8b81a000-8b81c000 r--s 00000000 08:01 4220909    /var/cache/fontconfig/99e8ed0e538f840c565b6ed5dad60d56-le32d4.cache-3
8b81c000-8b822000 r--s 00000000 08:01 4220876    /var/cache/fontconfig/a6d8cf8e4ec09cdbc8633c31745a07dd-le32d4.cache-3
8b822000-8b825000 r--s 00000000 08:01 4220840    /var/cache/fontconfig/2cd17615ca594fa2959ae173292e504c-le32d4.cache-3
8b825000-8b829000 r--s 00000000 08:01 4220730    /var/cache/fontconfig/a755afe4a08bf5b97852ceb7400b47bc-le32d4.cache-3
8b829000-8b834000 r--s 00000000 08:01 4220684    /var/cache/fontconfig/04aabc0a78ac019cf9454389977116d2-le32d4.cache-3
8b834000-8b856000 r--s 00000000 08:01 4221974    /var/cache/fontconfig/365b55f210c0a22e9a19e35191240f32-le32d4.cache-3
8b856000-8b859000 ---p 00000000 00:00 0 
8b859000-8b8a7000 rw-p 00000000 00:00 0 
8b8a7000-8b8a8000 ---p 00000000 00:00 0 
8b8a8000-8b928000 rw-p 00000000 00:00 0 
8b928000-8b92b000 ---p 00000000 00:00 0 
8b92b000-8b979000 rw-p 00000000 00:00 0 
8b979000-8b97c000 ---p 00000000 00:00 0 
8b97c000-8b9fa000 rw-p 00000000 00:00 0 
8b9fa000-8b9fd000 ---p 00000000 00:00 0 
8b9fd000-8ba7b000 rw-p 00000000 00:00 0 
8ba7b000-8ba7e000 ---p 00000000 00:00 0 
8ba7e000-8bacc000 rw-p 00000000 00:00 0 
8bacc000-8bccc000 r--p 00000000 08:01 2683201    /usr/lib/locale/locale-archive
8bccc000-8bccf000 ---p 00000000 00:00 0 
8bccf000-8bd1d000 rw-p 00000000 00:00 0 
8bd1d000-8bd20000 ---p 00000000 00:00 0 
8bd20000-8bd6e000 rw-p 00000000 00:00 0 
8bd6e000-8bf00000 r--s 037c2000 08:01 3532703    /usr/lib/jvm/java-6-openjdk-i386/jre/lib/rt.jar
8bf00000-8c000000 rw-p 00000000 00:00 0 
8c000000-8c002000 r--s 00000000 08:01 4220798    /var/cache/fontconfig/c69f04ab05004e31a6d5e715764f16d8-le32d4.cache-3
8c002000-8c009000 r--s 00000000 08:01 4220036    /var/cache/fontconfig/6d41288fd70b0be22e8c3a91e032eec0-le32d4.cache-3
8c009000-8c00c000 r--s 00000000 08:01 4220672    /var/cache/fontconfig/385c0604a188198f04d133e54aba7fe7-le32d4.cache-3
8c00c000-8c00d000 r--s 00000000 08:01 4220661    /var/cache/fontconfig/4794a0821666d79190d59a36cb4f44b5-le32d4.cache-3
8c00d000-8c010000 r--s 00000000 08:01 4220458    /var/cache/fontconfig/8801497958630a81b71ace7c5f9b32a8-le32d4.cache-3
8c010000-8c014000 r--s 00000000 08:01 4220393    /var/cache/fontconfig/3047814df9a2f067bd2d96a2b9c36e5a-le32d4.cache-3
8c014000-8c015000 r--s 00000000 08:01 4220392    /var/cache/fontconfig/56cf4f4769d0f4abc89a4895d7bd3ae1-le32d4.cache-3
8c015000-8c018000 r--s 00000000 08:01 4220387    /var/cache/fontconfig/de9486f0b47a4d768a594cb4198cb1c6-le32d4.cache-3
8c018000-8c019000 r--s 00000000 08:01 4220371    /var/cache/fontconfig/b9d506c9ac06c20b433354fa67a72993-le32d4.cache-3
8c019000-8c01d000 r--s 00000000 08:01 4220363    /var/cache/fontconfig/b47c4e1ecd0709278f4910c18777a504-le32d4.cache-3
8c01d000-8c023000 r--s 00000000 08:01 4220818    /var/cache/fontconfig/52f7bdb7ce746bfd7eaa1985bd9cfa93-le32d4.cache-3
8c023000-8c030000 r--s 00000000 08:01 4220357    /var/cache/fontconfig/d52a8644073d54c13679302ca1180695-le32d4.cache-3
8c030000-8c038000 r--s 00000000 08:01 4220352    /var/cache/fontconfig/0016f91d272966d80cf1fcd12c9c3815-le32d4.cache-3
8c038000-8c04c000 r--s 0014d000 08:01 6561880    /home/dennis/Documents/gdStudio/werescrewed/werescrewed-desktop/libs/gdx-backend-lwjgl.jar
8c04c000-8c04d000 ---p 00000000 00:00 0 
8c04d000-8c100000 rw-p 00000000 00:00 0 
8c100000-8c1a7000 rw-p 00000000 00:00 0 
8c1a7000-8c200000 ---p 00000000 00:00 0 
8c200000-8c204000 r--s 00000000 08:01 4220810    /var/cache/fontconfig/3f7329c5293ffd510edef78f73874cfd-le32d4.cache-3
8c204000-8c20a000 r--s 00000000 08:01 4220322    /var/cache/fontconfig/089dead882dea3570ffc31a9898cfb69-le32d4.cache-3
8c20a000-8c212000 r--s 00000000 08:01 4219303    /var/cache/fontconfig/e13b20fdb08344e0e664864cc2ede53d-le32d4.cache-3
8c212000-8c213000 ---p 00000000 00:00 0 
8c213000-8c293000 rw-p 00000000 00:00 0 
8c293000-8c294000 ---p 00000000 00:00 0 
8c294000-8c31c000 rw-p 00000000 00:00 0 
8c31c000-8c354000 rw-p 00000000 00:00 0 
8c354000-8c35f000 rw-p 00000000 00:00 0 
8c35f000-8c3ff000 rw-p 00000000 00:00 0 
8c3ff000-8c407000 rw-p 00000000 00:00 0 
8c407000-8c43f000 rw-p 00000000 00:00 0 
8c43f000-8c44a000 rw-p 00000000 00:00 0 
8c44a000-8c4e9000 rw-p 00000000 00:00 0 
8c4e9000-8c4ef000 rw-p 00000000 00:00 0 
8c4ef000-8c53f000 rw-p 00000000 00:00 0 
8c53f000-8d540000 rw-p 00000000 00:00 0 
8d540000-94540000 rw-p 00000000 00:00 0 
94540000-95a40000 rw-p 00000000 00:00 0 
95a40000-a9aa0000 rw-p 00000000 00:00 0 
a9aa0000-aa510000 rw-p 00000000 00:00 0 
aa510000-b4540000 rw-p 00000000 00:00 0 
b4540000-b4549000 rw-p 00000000 00:00 0 
b4549000-b4600000 rw-p 00000000 00:00 0 
b4600000-b4840000 rwxp 00000000 00:00 0 
b4840000-b76fe000 rw-p 00000000 00:00 0 
b76fe000-b7700000 ---p 00000000 00:00 0 
b7700000-b7701000 r--s 00000000 08:01 4220800    /var/cache/fontconfig/e7071f4a29fa870f4323321c154eba04-le32d4.cache-3
b7701000-b7702000 r--s 00000000 08:01 4220771    /var/cache/fontconfig/0d8c3b2ac0904cb8a57a757ad11a4a08-le32d4.cache-3
b7702000-b7705000 r--s 00000000 08:01 4221978    /var/cache/fontconfig/7ef2298fde41cc6eeb7af42e48b7d293-le32d4.cache-3
b7705000-b770c000 r--s 000fb000 08:01 2860798    /usr/lib/jvm/java-6-openjdk-common/jre/lib/resources.jar
b770c000-b770f000 r--s 0000b000 08:01 6561931    /home/dennis/Documents/gdStudio/werescrewed/werescrewed/libs/tween-engine-api.jar
b770f000-b7713000 r--s 0007d000 08:01 2860794    /usr/lib/jvm/java-6-openjdk-common/jre/lib/jsse.jar
b7713000-b7725000 r--s 00108000 08:01 6561929    /home/dennis/Documents/gdStudio/werescrewed/werescrewed/libs/gdx.jar
b7725000-b7728000 ---p 00000000 00:00 0 
b7728000-b7779000 rw-p 00000000 00:00 0 
b7779000-b777a000 r--s 0011b000 08:01 6561881    /home/dennis/Documents/gdStudio/werescrewed/werescrewed-desktop/libs/gdx-natives.jar
b777a000-b777b000 r--s 00162000 08:01 6561878    /home/dennis/Documents/gdStudio/werescrewed/werescrewed-desktop/libs/gdx-backend-lwjgl-natives.jar
b777b000-b777c000 r--s 00001000 08:01 6561927    /home/dennis/Documents/gdStudio/werescrewed/werescrewed/libs/bodyeditor-loader.jar
b777c000-b777e000 r--s 00001000 08:01 2918893    /usr/lib/jvm/java-6-openjdk-common/jre/lib/ext/dnsns.jar
b777e000-b7782000 r--s 00038000 08:01 2918891    /usr/lib/jvm/java-6-openjdk-common/jre/lib/ext/sunpkcs11.jar
b7782000-b7785000 r--s 00031000 08:01 2918887    /usr/lib/jvm/java-6-openjdk-common/jre/lib/ext/sunjce_provider.jar
b7785000-b7786000 r--s 00007000 08:01 2924985    /usr/share/java/java-atk-wrapper.jar
b7786000-b7788000 r--s 0000f000 08:01 2918889    /usr/lib/jvm/java-6-openjdk-common/jre/lib/ext/pulse-java.jar
b7788000-b778b000 r--s 00077000 08:01 2918895    /usr/lib/jvm/java-6-openjdk-common/jre/lib/ext/localedata.jar
b778b000-b778c000 r--p 002c5000 08:01 2683201    /usr/lib/locale/locale-archive
b778c000-b7794000 rw-s 00000000 08:01 5464127    /tmp/hsperfdata_dennis/3306
b7794000-b7795000 rw-p 00000000 00:00 0 
b7795000-b7796000 r--p 00000000 00:00 0 
b7796000-b7798000 rw-p 00000000 00:00 0 
bfa61000-bfa82000 rw-p 00000000 00:00 0          [stack]

VM Arguments:
jvm_args: -Dfile.encoding=UTF-8 
java_command: com.blindtigergames.werescrewed.Main
Launcher Type: SUN_STANDARD

Environment Variables:
PATH=/usr/lib/lightdm/lightdm:/usr/local/sbin:/usr/local/bin:/usr/sbin:/usr/bin:/sbin:/bin:/usr/games
LD_LIBRARY_PATH=/usr/lib/jvm/java-6-openjdk-i386/jre/lib/i386/server:/usr/lib/jvm/java-6-openjdk-i386/jre/lib/i386:/usr/lib/jvm/java-6-openjdk-i386/jre/../lib/i386:/usr/lib/jvm/java-6-openjdk-i386/jre/lib/i386/client:/usr/lib/jvm/java-6-openjdk-i386/jre/lib/i386:
SHELL=/bin/bash
DISPLAY=:0

Signal Handlers:
SIGSEGV: [libjvm.so+0x66b320], sa_mask[0]=0x7ffbfeff, sa_flags=0x10000004
SIGBUS: [libjvm.so+0x66b320], sa_mask[0]=0x7ffbfeff, sa_flags=0x10000004
SIGFPE: [libjvm.so+0x52e8c0], sa_mask[0]=0x7ffbfeff, sa_flags=0x10000004
SIGPIPE: [libjvm.so+0x52e8c0], sa_mask[0]=0x7ffbfeff, sa_flags=0x10000004
SIGXFSZ: [libjvm.so+0x52e8c0], sa_mask[0]=0x7ffbfeff, sa_flags=0x10000004
SIGILL: [libjvm.so+0x52e8c0], sa_mask[0]=0x7ffbfeff, sa_flags=0x10000004
SIGUSR1: SIG_DFL, sa_mask[0]=0x00000000, sa_flags=0x00000000
SIGUSR2: [libjvm.so+0x52e750], sa_mask[0]=0x00000004, sa_flags=0x10000004
SIGHUP: [libjvm.so+0x5317f0], sa_mask[0]=0x7ffbfeff, sa_flags=0x10000004
SIGINT: [libjvm.so+0x5317f0], sa_mask[0]=0x7ffbfeff, sa_flags=0x10000004
SIGTERM: [libjvm.so+0x5317f0], sa_mask[0]=0x7ffbfeff, sa_flags=0x10000004
SIGQUIT: [libjvm.so+0x5317f0], sa_mask[0]=0x7ffbfeff, sa_flags=0x10000004


---------------  S Y S T E M  ---------------

OS:Ubuntu 12.04 (precise)
uname:Linux 3.2.0-29-generic #46-Ubuntu SMP Fri Jul 27 17:04:05 UTC 2012 i686
libc:glibc 2.15 NPTL 2.15 
rlimit: STACK 8192k, CORE 0k, NPROC 15939, NOFILE 4096, AS infinity
load average:0.51 0.38 0.36

/proc/meminfo:
MemTotal:        2059812 kB
MemFree:          444348 kB
Buffers:          112872 kB
Cached:           642952 kB
SwapCached:            0 kB
Active:           813000 kB
Inactive:         579320 kB
Active(anon):     637304 kB
Inactive(anon):     1984 kB
Active(file):     175696 kB
Inactive(file):   577336 kB
Unevictable:          16 kB
Mlocked:              16 kB
HighTotal:       1186124 kB
HighFree:          15068 kB
LowTotal:         873688 kB
LowFree:          429280 kB
SwapTotal:       2996084 kB
SwapFree:        2996084 kB
Dirty:               104 kB
Writeback:             0 kB
AnonPages:        636508 kB
Mapped:           204640 kB
Shmem:              2796 kB
Slab:              40032 kB
SReclaimable:      23756 kB
SUnreclaim:        16276 kB
KernelStack:        3776 kB
PageTables:         8300 kB
NFS_Unstable:          0 kB
Bounce:                0 kB
WritebackTmp:          0 kB
CommitLimit:     4025988 kB
Committed_AS:    3215072 kB
VmallocTotal:     122880 kB
VmallocUsed:       22528 kB
VmallocChunk:      98360 kB
HardwareCorrupted:     0 kB
AnonHugePages:         0 kB
HugePages_Total:       0
HugePages_Free:        0
HugePages_Rsvd:        0
HugePages_Surp:        0
Hugepagesize:       4096 kB
DirectMap4k:       90104 kB
DirectMap4M:      819200 kB


CPU:total 2 (2 cores per cpu, 1 threads per core) family 6 model 15 stepping 6, cmov, cx8, fxsr, mmx, sse, sse2, sse3, ssse3

Memory: 4k page, physical 2059812k(444348k free), swap 2996084k(2996084k free)

vm_info: OpenJDK Server VM (20.0-b12) for linux-x86 JRE (1.6.0_24-b24), built on Oct 24 2012 16:19:13 by "buildd" with gcc 4.6.3

time: Mon Jan 21 19:14:11 2013
elapsed time: 24 seconds

