#
# A fatal error has been detected by the Java Runtime Environment:
#
#  SIGSEGV (0xb) at pc=0x0a510973, pid=4524, tid=2260716352
#
# JRE version: 6.0_24-b24
# Java VM: OpenJDK Server VM (20.0-b12 mixed mode linux-x86 )
# Derivative: IcedTea6 1.11.5
# Distribution: Ubuntu 12.04 LTS, package 6b24-1.11.5-0ubuntu1~12.04.1
# Problematic frame:
# C  0x0a510973
#
# If you would like to submit a bug report, please include
# instructions how to reproduce the bug and visit:
#   https://bugs.launchpad.net/ubuntu/+source/openjdk-6/
# The crash happened outside the Java Virtual Machine in native code.
# See problematic frame for where to report the bug.
#

---------------  T H R E A D  ---------------

Current thread (0x8b7d2000):  JavaThread "LWJGL Application" [_thread_in_native, id=4547, stack(0x86bac000,0x86bfd000)]

siginfo:si_signo=SIGSEGV: si_errno=0, si_code=1 (SEGV_MAPERR), si_addr=0x525b5ac1

Registers:
EAX=0x0a5109a8, EBX=0x001cbff4, ECX=0x00000000, EDX=0x0a510968
ESP=0x86bfbcc8, EBP=0x0a532428, ESI=0x0a510968, EDI=0x00000020
EIP=0x0a510973, EFLAGS=0x00210a17, CR2=0x525b5ac1

Top of Stack: (sp=0x86bfbcc8)
0x86bfbcc8:   240a5109 0017fe24 0a510968 0a5109a8
0x86bfbcd8:   0a50ff74 0a510b54 098a22f8 098b1bd0
0x86bfbce8:   02928d0d 00000000 00000000 00000000
0x86bfbcf8:   00000001 01f71f39 098b1bd0 00000000
0x86bfbd08:   0a50ff68 0a510b48 336a7c7a 33514c0b
0x86bfbd18:   41700000 00000000 00000000 00000000
0x86bfbd28:   0a519250 0a510a08 0a5108c8 00000000
0x86bfbd38:   00000000 00000000 00000000 3f800000 

Instructions: (pc=0x0a510973)
0x0a510953:   00 00 00 80 3f 00 00 00 00 00 00 00 00 cd 0c 00
0x0a510963:   91 00 54 0c 00 68 09 51 0a 24 00 00 00 00 00 00
0x0a510973:   00 a8 19 51 0a 48 0b 51 0a 68 09 51 0a 00 00 00
0x0a510983:   00 b8 19 51 0a 68 ff 50 0a 68 09 51 0a 00 00 00 

Register to memory mapping:

EAX=0x0a5109a8 is an unknown value
EBX=0x001cbff4: <offset 0x6cff4> in /tmp/libgdxdennis/4088972827/libgdx.so at 0x0015f000
ECX=0x00000000 is an unknown value
EDX=0x0a510968 is an unknown value
ESP=0x86bfbcc8 is pointing into the stack for thread: 0x8b7d2000
EBP=0x0a532428 is an unknown value
ESI=0x0a510968 is an unknown value
EDI=0x00000020 is an unknown value


Stack: [0x86bac000,0x86bfd000],  sp=0x86bfbcc8,  free space=319k
Native frames: (J=compiled Java code, j=interpreted, Vv=VM code, C=native code)
C  0x0a510973

Java frames: (J=compiled Java code, j=interpreted, Vv=VM code)
j  com.badlogic.gdx.physics.box2d.World.jniStep(JFII)V+0
j  com.badlogic.gdx.physics.box2d.World.step(FII)V+8
j  com.blindtigergames.werescrewed.screens.GameScreen.render(F)V+250
j  com.badlogic.gdx.Game.render()V+19
j  com.blindtigergames.werescrewed.WereScrewedGame.render()V+6
j  com.badlogic.gdx.backends.lwjgl.LwjglApplication.mainLoop()V+501
j  com.badlogic.gdx.backends.lwjgl.LwjglApplication$1.run()V+27
v  ~StubRoutines::call_stub

---------------  P R O C E S S  ---------------

Java Threads: ( => current thread )
  0xb7605800 JavaThread "DestroyJavaVM" [_thread_blocked, id=4527, stack(0xb7746000,0xb7797000)]
=>0x8b7d2000 JavaThread "LWJGL Application" [_thread_in_native, id=4547, stack(0x86bac000,0x86bfd000)]
  0x8b7bfc00 JavaThread "AWT-XAWT" daemon [_thread_in_native, id=4543, stack(0x8b64d000,0x8b69e000)]
  0x8b756400 JavaThread "Java2D Disposer" daemon [_thread_blocked, id=4540, stack(0x8b8a7000,0x8b8f8000)]
  0xb76a4800 JavaThread "Low Memory Detector" daemon [_thread_blocked, id=4538, stack(0x8b979000,0x8b9ca000)]
  0xb76a2c00 JavaThread "C2 CompilerThread1" daemon [_thread_blocked, id=4537, stack(0x8b9ca000,0x8ba4b000)]
  0xb76a0c00 JavaThread "C2 CompilerThread0" daemon [_thread_blocked, id=4536, stack(0x8ba4b000,0x8bacc000)]
  0xb769f400 JavaThread "Signal Dispatcher" daemon [_thread_blocked, id=4535, stack(0x8bacc000,0x8bb1d000)]
  0xb768fc00 JavaThread "Finalizer" daemon [_thread_blocked, id=4534, stack(0x8bd1d000,0x8bd6e000)]
  0xb768e400 JavaThread "Reference Handler" daemon [_thread_blocked, id=4533, stack(0x8c02e000,0x8c07f000)]

Other Threads:
  0xb768a400 VMThread [stack: 0x8c07f000,0x8c100000] [id=4532]
  0xb76a6400 WatcherThread [stack: 0x8b8f8000,0x8b979000] [id=4539]

VM state:not at safepoint (normal execution)

VM Mutex/Monitor currently owned by a thread: None

Heap
 PSYoungGen      total 9408K, used 6015K [0xa9aa0000, 0xaa510000, 0xb4540000)
  eden space 8128K, 65% used [0xa9aa0000,0xa9fd8380,0xaa290000)
  from space 1280K, 52% used [0xaa290000,0xaa337b88,0xaa3d0000)
  to   space 1280K, 0% used [0xaa3d0000,0xaa3d0000,0xaa510000)
 PSOldGen        total 21504K, used 0K [0x94540000, 0x95a40000, 0xa9aa0000)
  object space 21504K, 0% used [0x94540000,0x94540000,0x95a40000)
 PSPermGen       total 16384K, used 8178K [0x8c540000, 0x8d540000, 0x94540000)
  object space 16384K, 49% used [0x8c540000,0x8cd3c8d8,0x8d540000)

Code Cache  [0xb4600000, 0xb4840000, 0xb7600000)
 total_blobs=441 nmethods=136 adapters=260 free_code_cache=49739712 largest_free_block=16512

Dynamic libraries:
00110000-00124000 r-xp 00000000 08:01 409934     /lib/i386-linux-gnu/libz.so.1.2.3.4
00124000-00125000 r--p 00013000 08:01 409934     /lib/i386-linux-gnu/libz.so.1.2.3.4
00125000-00126000 rw-p 00014000 08:01 409934     /lib/i386-linux-gnu/libz.so.1.2.3.4
00126000-0012d000 r-xp 00000000 08:01 409680     /lib/i386-linux-gnu/libnss_compat-2.15.so
0012d000-0012e000 r--p 00006000 08:01 409680     /lib/i386-linux-gnu/libnss_compat-2.15.so
0012e000-0012f000 rw-p 00007000 08:01 409680     /lib/i386-linux-gnu/libnss_compat-2.15.so
0012f000-00145000 r-xp 00000000 08:01 409769     /lib/i386-linux-gnu/libnsl-2.15.so
00145000-00146000 r--p 00015000 08:01 409769     /lib/i386-linux-gnu/libnsl-2.15.so
00146000-00147000 rw-p 00016000 08:01 409769     /lib/i386-linux-gnu/libnsl-2.15.so
00147000-00149000 rw-p 00000000 00:00 0 
00149000-00154000 r-xp 00000000 08:01 409703     /lib/i386-linux-gnu/libnss_files-2.15.so
00154000-00155000 r--p 0000a000 08:01 409703     /lib/i386-linux-gnu/libnss_files-2.15.so
00155000-00156000 rw-p 0000b000 08:01 409703     /lib/i386-linux-gnu/libnss_files-2.15.so
00156000-0015d000 r-xp 00000000 08:01 5259268    /usr/lib/jvm/java-6-openjdk-i386/jre/lib/i386/libzip.so
0015d000-0015e000 r--p 00006000 08:01 5259268    /usr/lib/jvm/java-6-openjdk-i386/jre/lib/i386/libzip.so
0015e000-0015f000 rw-p 00007000 08:01 5259268    /usr/lib/jvm/java-6-openjdk-i386/jre/lib/i386/libzip.so
0015f000-001ca000 r-xp 00000000 08:01 5464124    /tmp/libgdxdennis/4088972827/libgdx.so
001ca000-001cb000 ---p 0006b000 08:01 5464124    /tmp/libgdxdennis/4088972827/libgdx.so
001cb000-001cc000 r--p 0006b000 08:01 5464124    /tmp/libgdxdennis/4088972827/libgdx.so
001cc000-001cd000 rw-p 0006c000 08:01 5464124    /tmp/libgdxdennis/4088972827/libgdx.so
001cd000-00260000 r-xp 00000000 08:01 5259271    /usr/lib/jvm/java-6-openjdk-i386/jre/lib/i386/libawt.so
00260000-00261000 r--p 00092000 08:01 5259271    /usr/lib/jvm/java-6-openjdk-i386/jre/lib/i386/libawt.so
00261000-00268000 rw-p 00093000 08:01 5259271    /usr/lib/jvm/java-6-openjdk-i386/jre/lib/i386/libawt.so
00268000-0028c000 rw-p 00000000 00:00 0 
0028c000-002d8000 r-xp 00000000 08:01 3538946    /usr/lib/jvm/java-6-openjdk-i386/jre/lib/i386/xawt/libmawt.so
002d8000-002d9000 r--p 0004b000 08:01 3538946    /usr/lib/jvm/java-6-openjdk-i386/jre/lib/i386/xawt/libmawt.so
002d9000-002db000 rw-p 0004c000 08:01 3538946    /usr/lib/jvm/java-6-openjdk-i386/jre/lib/i386/xawt/libmawt.so
002db000-002dc000 rw-p 00000000 00:00 0 
002dc000-002e4000 r-xp 00000000 08:01 2820702    /usr/lib/i386-linux-gnu/libXrender.so.1.3.0
002e4000-002e5000 r--p 00007000 08:01 2820702    /usr/lib/i386-linux-gnu/libXrender.so.1.3.0
002e5000-002e6000 rw-p 00008000 08:01 2820702    /usr/lib/i386-linux-gnu/libXrender.so.1.3.0
002e6000-00305000 r-xp 00000000 08:01 2818143    /usr/lib/i386-linux-gnu/libxcb.so.1.1.0
00305000-00306000 r--p 0001f000 08:01 2818143    /usr/lib/i386-linux-gnu/libxcb.so.1.1.0
00306000-00307000 rw-p 00020000 08:01 2818143    /usr/lib/i386-linux-gnu/libxcb.so.1.1.0
00307000-0030c000 r-xp 00000000 08:01 2820673    /usr/lib/i386-linux-gnu/libXdmcp.so.6.0.0
0030c000-0030d000 r--p 00004000 08:01 2820673    /usr/lib/i386-linux-gnu/libXdmcp.so.6.0.0
0030d000-0030e000 rw-p 00005000 08:01 2820673    /usr/lib/i386-linux-gnu/libXdmcp.so.6.0.0
0030e000-00348000 r-xp 00000000 08:01 5259283    /usr/lib/jvm/java-6-openjdk-i386/jre/lib/i386/libfontmanager.so
00348000-00349000 r--p 00039000 08:01 5259283    /usr/lib/jvm/java-6-openjdk-i386/jre/lib/i386/libfontmanager.so
00349000-0034a000 rw-p 0003a000 08:01 5259283    /usr/lib/jvm/java-6-openjdk-i386/jre/lib/i386/libfontmanager.so
0034a000-0034e000 r-xp 00000000 08:01 2820767    /usr/lib/i386-linux-gnu/libXfixes.so.3.1.0
0034e000-0034f000 r--p 00004000 08:01 2820767    /usr/lib/i386-linux-gnu/libXfixes.so.3.1.0
0034f000-00350000 rw-p 00005000 08:01 2820767    /usr/lib/i386-linux-gnu/libXfixes.so.3.1.0
00350000-00357000 r-xp 00000000 08:01 409711     /lib/i386-linux-gnu/librt-2.15.so
00357000-00358000 r--p 00006000 08:01 409711     /lib/i386-linux-gnu/librt-2.15.so
00358000-00359000 rw-p 00007000 08:01 409711     /lib/i386-linux-gnu/librt-2.15.so
00359000-0035a000 r-xp 00000000 08:01 5259269    /usr/lib/jvm/java-6-openjdk-i386/jre/lib/i386/libjawt.so
0035a000-0035b000 r--p 00000000 08:01 5259269    /usr/lib/jvm/java-6-openjdk-i386/jre/lib/i386/libjawt.so
0035b000-0035c000 rw-p 00001000 08:01 5259269    /usr/lib/jvm/java-6-openjdk-i386/jre/lib/i386/libjawt.so
0035c000-00363000 r-xp 00000000 08:01 2820777    /usr/lib/i386-linux-gnu/libXrandr.so.2.2.0
00363000-00364000 r--p 00006000 08:01 2820777    /usr/lib/i386-linux-gnu/libXrandr.so.2.2.0
00364000-00365000 rw-p 00007000 08:01 2820777    /usr/lib/i386-linux-gnu/libXrandr.so.2.2.0
00365000-0036b000 r-xp 00000000 08:01 2820502    /usr/lib/i386-linux-gnu/libjson.so.0.0.1
0036b000-0036c000 r--p 00005000 08:01 2820502    /usr/lib/i386-linux-gnu/libjson.so.0.0.1
0036c000-0036d000 rw-p 00006000 08:01 2820502    /usr/lib/i386-linux-gnu/libjson.so.0.0.1
0036d000-00375000 r-xp 00000000 08:01 409700     /lib/i386-linux-gnu/libwrap.so.0.7.6
00375000-00376000 r--p 00007000 08:01 409700     /lib/i386-linux-gnu/libwrap.so.0.7.6
00376000-00377000 rw-p 00008000 08:01 409700     /lib/i386-linux-gnu/libwrap.so.0.7.6
00377000-0037c000 r-xp 00000000 08:01 2820500    /usr/lib/i386-linux-gnu/libasyncns.so.0.3.1
0037c000-0037d000 r--p 00004000 08:01 2820500    /usr/lib/i386-linux-gnu/libasyncns.so.0.3.1
0037d000-0037e000 rw-p 00005000 08:01 2820500    /usr/lib/i386-linux-gnu/libasyncns.so.0.3.1
0037e000-003a7000 r-xp 00000000 08:01 2820730    /usr/lib/i386-linux-gnu/libvorbis.so.0.4.5
003a7000-003a8000 r--p 00028000 08:01 2820730    /usr/lib/i386-linux-gnu/libvorbis.so.0.4.5
003a8000-003a9000 rw-p 00029000 08:01 2820730    /usr/lib/i386-linux-gnu/libvorbis.so.0.4.5
003a9000-003af000 r-xp 00000000 08:01 2820726    /usr/lib/i386-linux-gnu/libogg.so.0.7.1
003af000-003b0000 r--p 00005000 08:01 2820726    /usr/lib/i386-linux-gnu/libogg.so.0.7.1
003b0000-003b1000 rw-p 00006000 08:01 2820726    /usr/lib/i386-linux-gnu/libogg.so.0.7.1
003b1000-003d7000 r-xp 00000000 08:01 5259267    /usr/lib/jvm/java-6-openjdk-i386/jre/lib/i386/libjava.so
003d7000-003d8000 r--p 00025000 08:01 5259267    /usr/lib/jvm/java-6-openjdk-i386/jre/lib/i386/libjava.so
003d8000-003da000 rw-p 00026000 08:01 5259267    /usr/lib/jvm/java-6-openjdk-i386/jre/lib/i386/libjava.so
003da000-003ed000 r-xp 00000000 08:01 409704     /lib/i386-linux-gnu/libresolv-2.15.so
003ed000-003ee000 ---p 00013000 08:01 409704     /lib/i386-linux-gnu/libresolv-2.15.so
003ee000-003ef000 r--p 00013000 08:01 409704     /lib/i386-linux-gnu/libresolv-2.15.so
003ef000-003f0000 rw-p 00014000 08:01 409704     /lib/i386-linux-gnu/libresolv-2.15.so
003f0000-003f2000 rw-p 00000000 00:00 0 
003f4000-003fe000 r-xp 00000000 08:01 409712     /lib/i386-linux-gnu/libnss_nis-2.15.so
003fe000-003ff000 r--p 00009000 08:01 409712     /lib/i386-linux-gnu/libnss_nis-2.15.so
003ff000-00400000 rw-p 0000a000 08:01 409712     /lib/i386-linux-gnu/libnss_nis-2.15.so
00400000-0045d000 r-xp 00000000 08:01 5464126    /tmp/libgdxdennis/2789486150/liblwjgl.so
0045d000-0045e000 r--p 0005d000 08:01 5464126    /tmp/libgdxdennis/2789486150/liblwjgl.so
0045e000-0045f000 rw-p 0005e000 08:01 5464126    /tmp/libgdxdennis/2789486150/liblwjgl.so
0045f000-00466000 r-xp 00000000 08:01 3572249    /usr/lib/fglrx/libatiuki.so.1.0
00466000-00467000 rw-p 00006000 08:01 3572249    /usr/lib/fglrx/libatiuki.so.1.0
0048a000-0048f000 r-xp 00000000 08:01 2820785    /usr/lib/i386-linux-gnu/libXtst.so.6.1.0
0048f000-00490000 r--p 00004000 08:01 2820785    /usr/lib/i386-linux-gnu/libXtst.so.6.1.0
00490000-00491000 rw-p 00005000 08:01 2820785    /usr/lib/i386-linux-gnu/libXtst.so.6.1.0
0049a000-0049d000 r-xp 00000000 08:01 409751     /lib/i386-linux-gnu/libdl-2.15.so
0049d000-0049e000 r--p 00002000 08:01 409751     /lib/i386-linux-gnu/libdl-2.15.so
0049e000-0049f000 rw-p 00003000 08:01 409751     /lib/i386-linux-gnu/libdl-2.15.so
004c0000-00598000 r-xp 00000000 08:01 2820431    /usr/lib/i386-linux-gnu/libstdc++.so.6.0.16
00598000-00599000 ---p 000d8000 08:01 2820431    /usr/lib/i386-linux-gnu/libstdc++.so.6.0.16
00599000-0059d000 r--p 000d8000 08:01 2820431    /usr/lib/i386-linux-gnu/libstdc++.so.6.0.16
0059d000-0059e000 rw-p 000dc000 08:01 2820431    /usr/lib/i386-linux-gnu/libstdc++.so.6.0.16
0059e000-005a5000 rw-p 00000000 00:00 0 
005a5000-005ec000 r-xp 00000000 08:01 409638     /lib/i386-linux-gnu/libdbus-1.so.3.5.8
005ec000-005ed000 r--p 00047000 08:01 409638     /lib/i386-linux-gnu/libdbus-1.so.3.5.8
005ed000-005ee000 rw-p 00048000 08:01 409638     /lib/i386-linux-gnu/libdbus-1.so.3.5.8
005f1000-00608000 r-xp 00000000 08:01 409715     /lib/i386-linux-gnu/libpthread-2.15.so
00608000-00609000 r--p 00016000 08:01 409715     /lib/i386-linux-gnu/libpthread-2.15.so
00609000-0060a000 rw-p 00017000 08:01 409715     /lib/i386-linux-gnu/libpthread-2.15.so
0060a000-0060c000 rw-p 00000000 00:00 0 
0060c000-00657000 r-xp 00000000 08:01 5464127    /tmp/libgdxdennis/2789486150/libopenal.so
00657000-00658000 r--p 0004b000 08:01 5464127    /tmp/libgdxdennis/2789486150/libopenal.so
00658000-00659000 rw-p 0004c000 08:01 5464127    /tmp/libgdxdennis/2789486150/libopenal.so
0068f000-00832000 r-xp 00000000 08:01 409673     /lib/i386-linux-gnu/libc-2.15.so
00832000-00833000 ---p 001a3000 08:01 409673     /lib/i386-linux-gnu/libc-2.15.so
00833000-00835000 r--p 001a3000 08:01 409673     /lib/i386-linux-gnu/libc-2.15.so
00835000-00836000 rw-p 001a5000 08:01 409673     /lib/i386-linux-gnu/libc-2.15.so
00836000-00839000 rw-p 00000000 00:00 0 
00839000-008ce000 r-xp 00000000 08:01 2818368    /usr/lib/i386-linux-gnu/libfreetype.so.6.8.0
008ce000-008d2000 r--p 00094000 08:01 2818368    /usr/lib/i386-linux-gnu/libfreetype.so.6.8.0
008d2000-008d3000 rw-p 00098000 08:01 2818368    /usr/lib/i386-linux-gnu/libfreetype.so.6.8.0
00902000-00910000 r-xp 00000000 08:01 2820773    /usr/lib/i386-linux-gnu/libXi.so.6.1.0
00910000-00911000 r--p 0000d000 08:01 2820773    /usr/lib/i386-linux-gnu/libXi.so.6.1.0
00911000-00912000 rw-p 0000e000 08:01 2820773    /usr/lib/i386-linux-gnu/libXi.so.6.1.0
00912000-0094d000 r-xp 00000000 08:01 3572233    /usr/lib/fglrx/libatiadlxx.so
0094d000-0094f000 rw-p 0003b000 08:01 3572233    /usr/lib/fglrx/libatiadlxx.so
0094f000-0095f000 rw-p 00000000 00:00 0 
0095f000-0096f000 r-xp 00000000 08:01 2820677    /usr/lib/i386-linux-gnu/libXext.so.6.4.0
0096f000-00970000 r--p 0000f000 08:01 2820677    /usr/lib/i386-linux-gnu/libXext.so.6.4.0
00970000-00971000 rw-p 00010000 08:01 2820677    /usr/lib/i386-linux-gnu/libXext.so.6.4.0
00971000-009d4000 r-xp 00000000 08:01 2818320    /usr/lib/i386-linux-gnu/libpulsecommon-1.1.so
009d4000-009d5000 r--p 00062000 08:01 2818320    /usr/lib/i386-linux-gnu/libpulsecommon-1.1.so
009d5000-009d6000 rw-p 00063000 08:01 2818320    /usr/lib/i386-linux-gnu/libpulsecommon-1.1.so
009eb000-009f6000 r-xp 00000000 08:01 5259289    /usr/lib/jvm/java-6-openjdk-i386/jre/lib/i386/libverify.so
009f6000-009f7000 ---p 0000b000 08:01 5259289    /usr/lib/jvm/java-6-openjdk-i386/jre/lib/i386/libverify.so
009f7000-009f8000 r--p 0000b000 08:01 5259289    /usr/lib/jvm/java-6-openjdk-i386/jre/lib/i386/libverify.so
009f8000-009f9000 rw-p 0000c000 08:01 5259289    /usr/lib/jvm/java-6-openjdk-i386/jre/lib/i386/libverify.so
00a09000-00a55000 r-xp 00000000 08:01 2818924    /usr/lib/i386-linux-gnu/libpulse.so.0.13.5
00a55000-00a56000 r--p 0004b000 08:01 2818924    /usr/lib/i386-linux-gnu/libpulse.so.0.13.5
00a56000-00a57000 rw-p 0004c000 08:01 2818924    /usr/lib/i386-linux-gnu/libpulse.so.0.13.5
00a57000-00ac3000 r-xp 00000000 08:01 2820734    /usr/lib/i386-linux-gnu/libsndfile.so.1.0.25
00ac3000-00ac4000 r--p 0006c000 08:01 2820734    /usr/lib/i386-linux-gnu/libsndfile.so.1.0.25
00ac4000-00ac5000 rw-p 0006d000 08:01 2820734    /usr/lib/i386-linux-gnu/libsndfile.so.1.0.25
00ac5000-00ac9000 rw-p 00000000 00:00 0 
00b06000-00b0a000 r-xp 00000000 08:01 5349377    /usr/lib/jvm/java-6-openjdk-i386/jre/lib/i386/jli/libjli.so
00b0a000-00b0b000 r--p 00003000 08:01 5349377    /usr/lib/jvm/java-6-openjdk-i386/jre/lib/i386/jli/libjli.so
00b0b000-00b0c000 rw-p 00004000 08:01 5349377    /usr/lib/jvm/java-6-openjdk-i386/jre/lib/i386/jli/libjli.so
00b48000-00b4a000 r-xp 00000000 08:01 2820671    /usr/lib/i386-linux-gnu/libXau.so.6.0.0
00b4a000-00b4b000 r--p 00001000 08:01 2820671    /usr/lib/i386-linux-gnu/libXau.so.6.0.0
00b4b000-00b4c000 rw-p 00002000 08:01 2820671    /usr/lib/i386-linux-gnu/libXau.so.6.0.0
00b65000-00b8f000 r-xp 00000000 08:01 409739     /lib/i386-linux-gnu/libm-2.15.so
00b8f000-00b90000 r--p 00029000 08:01 409739     /lib/i386-linux-gnu/libm-2.15.so
00b90000-00b91000 rw-p 0002a000 08:01 409739     /lib/i386-linux-gnu/libm-2.15.so
00b9e000-00bba000 r-xp 00000000 08:01 409692     /lib/i386-linux-gnu/libgcc_s.so.1
00bba000-00bbb000 r--p 0001b000 08:01 409692     /lib/i386-linux-gnu/libgcc_s.so.1
00bbb000-00bbc000 rw-p 0001c000 08:01 409692     /lib/i386-linux-gnu/libgcc_s.so.1
00bbc000-00cec000 r-xp 00000000 08:01 2820436    /usr/lib/i386-linux-gnu/libX11.so.6.3.0
00cec000-00ced000 r--p 0012f000 08:01 2820436    /usr/lib/i386-linux-gnu/libX11.so.6.3.0
00ced000-00cef000 rw-p 00130000 08:01 2820436    /usr/lib/i386-linux-gnu/libX11.so.6.3.0
00cef000-00cf0000 rw-p 00000000 00:00 0 
00cf0000-00d3c000 r-xp 00000000 08:01 2820728    /usr/lib/i386-linux-gnu/libFLAC.so.8.2.0
00d3c000-00d3d000 r--p 0004b000 08:01 2820728    /usr/lib/i386-linux-gnu/libFLAC.so.8.2.0
00d3d000-00d3e000 rw-p 0004c000 08:01 2820728    /usr/lib/i386-linux-gnu/libFLAC.so.8.2.0
00d73000-00d74000 r-xp 00000000 00:00 0          [vdso]
00df5000-00dfe000 r-xp 00000000 08:01 2820769    /usr/lib/i386-linux-gnu/libXcursor.so.1.0.2
00dfe000-00dff000 r--p 00008000 08:01 2820769    /usr/lib/i386-linux-gnu/libXcursor.so.1.0.2
00dff000-00e00000 rw-p 00009000 08:01 2820769    /usr/lib/i386-linux-gnu/libXcursor.so.1.0.2
00e6a000-00e6c000 r-xp 00000000 08:01 2820775    /usr/lib/i386-linux-gnu/libXinerama.so.1.0.0
00e6c000-00e6d000 r--p 00001000 08:01 2820775    /usr/lib/i386-linux-gnu/libXinerama.so.1.0.0
00e6d000-00e6e000 rw-p 00002000 08:01 2820775    /usr/lib/i386-linux-gnu/libXinerama.so.1.0.0
00ecb000-00eeb000 r-xp 00000000 08:01 409740     /lib/i386-linux-gnu/ld-2.15.so
00eeb000-00eec000 r--p 0001f000 08:01 409740     /lib/i386-linux-gnu/ld-2.15.so
00eec000-00eed000 rw-p 00020000 08:01 409740     /lib/i386-linux-gnu/ld-2.15.so
00eed000-0170c000 r-xp 00000000 08:01 5423107    /usr/lib/jvm/java-6-openjdk-i386/jre/lib/i386/server/libjvm.so
0170c000-0170d000 ---p 0081f000 08:01 5423107    /usr/lib/jvm/java-6-openjdk-i386/jre/lib/i386/server/libjvm.so
0170d000-01752000 r--p 0081f000 08:01 5423107    /usr/lib/jvm/java-6-openjdk-i386/jre/lib/i386/server/libjvm.so
01752000-01761000 rw-p 00864000 08:01 5423107    /usr/lib/jvm/java-6-openjdk-i386/jre/lib/i386/server/libjvm.so
01761000-01b7b000 rw-p 00000000 00:00 0 
01b7b000-03ef3000 r-xp 00000000 08:01 4153441    /usr/lib/fglrx/dri/fglrx_dri.so
03ef3000-03fe4000 rw-p 02378000 08:01 4153441    /usr/lib/fglrx/dri/fglrx_dri.so
03fe4000-040b2000 rw-p 00000000 00:00 0 
05b55000-05cbb000 r-xp 00000000 08:01 2820732    /usr/lib/i386-linux-gnu/libvorbisenc.so.2.0.8
05cbb000-05ccc000 r--p 00165000 08:01 2820732    /usr/lib/i386-linux-gnu/libvorbisenc.so.2.0.8
05ccc000-05ccd000 rw-p 00176000 08:01 2820732    /usr/lib/i386-linux-gnu/libvorbisenc.so.2.0.8
05f28000-05ff4000 r-xp 00000000 08:01 3572238    /usr/lib/fglrx/libGL.so.1.2
05ff4000-06000000 rwxp 000cb000 08:01 3572238    /usr/lib/fglrx/libGL.so.1.2
06000000-06015000 rwxp 00000000 00:00 0 
08048000-08051000 r-xp 00000000 08:01 4988930    /usr/lib/jvm/java-6-openjdk-i386/jre/bin/java
08051000-08052000 r--p 00008000 08:01 4988930    /usr/lib/jvm/java-6-openjdk-i386/jre/bin/java
08052000-08053000 rw-p 00009000 08:01 4988930    /usr/lib/jvm/java-6-openjdk-i386/jre/bin/java
094ba000-0a684000 rw-p 00000000 00:00 0          [heap]
84b00000-84cfd000 rw-p 00000000 00:00 0 
84cfd000-84d00000 ---p 00000000 00:00 0 
84d00000-84df8000 rw-p 00000000 00:00 0 
84df8000-84e00000 ---p 00000000 00:00 0 
84e38000-85038000 rw-s c78dc000 00:05 11465      /dev/ati/card0
85038000-85138000 rw-s 18d39000 00:05 11465      /dev/ati/card0
85138000-851f9000 rw-p 00000000 00:00 0 
851f9000-851fa000 ---p 00000000 00:00 0 
851fa000-859fa000 rw-p 00000000 00:00 0 
859fa000-859fb000 ---p 00000000 00:00 0 
859fb000-861fb000 rw-p 00000000 00:00 0 
861fb000-8623b000 rw-s 0002b000 00:05 11465      /dev/ati/card0
8623b000-8693b000 rw-s 00006000 00:05 11465      /dev/ati/card0
8693b000-86b3b000 rw-p 00000000 00:00 0 
86b3b000-86b5b000 rw-s dfde0000 00:05 11465      /dev/ati/card0
86b5b000-86b5e000 ---p 00000000 00:00 0 
86b5e000-86bac000 rw-p 00000000 00:00 0 
86bac000-86baf000 ---p 00000000 00:00 0 
86baf000-86bfd000 rw-p 00000000 00:00 0 
86bfd000-86bfe000 ---p 00000000 00:00 0 
86bfe000-86cfe000 rw-p 00000000 00:00 0 
86cfe000-8acff000 rw-s 00000000 00:12 31719      /run/shm/pulse-shm-1901949066
8acff000-8ad00000 ---p 00000000 00:00 0 
8ad00000-8b500000 rw-p 00000000 00:00 0 
8b500000-8b600000 rw-p 00000000 00:00 0 
8b61b000-8b61d000 rw-s 00002000 00:05 11465      /dev/ati/card0
8b61d000-8b646000 rw-p 00000000 00:00 0 
8b646000-8b64d000 r--s 00000000 08:01 2818683    /usr/lib/i386-linux-gnu/gconv/gconv-modules.cache
8b64d000-8b650000 ---p 00000000 00:00 0 
8b650000-8b69e000 rw-p 00000000 00:00 0 
8b69e000-8b69f000 r--s 00000000 08:01 4221004    /var/cache/fontconfig/c05880de57d1f5e948fdfacc138775d9-le32d4.cache-3
8b69f000-8b6a5000 r--s 00000000 08:01 4220969    /var/cache/fontconfig/945677eb7aeaf62f1d50efc3fb3ec7d8-le32d4.cache-3
8b6a5000-8b6a7000 r--s 00000000 08:01 4220909    /var/cache/fontconfig/99e8ed0e538f840c565b6ed5dad60d56-le32d4.cache-3
8b6a7000-8b6ad000 r--s 00000000 08:01 4220876    /var/cache/fontconfig/a6d8cf8e4ec09cdbc8633c31745a07dd-le32d4.cache-3
8b6ad000-8b6b0000 r--s 00000000 08:01 4220840    /var/cache/fontconfig/2cd17615ca594fa2959ae173292e504c-le32d4.cache-3
8b6b0000-8b6b1000 r--s 00000000 08:01 4220800    /var/cache/fontconfig/e7071f4a29fa870f4323321c154eba04-le32d4.cache-3
8b6b1000-8b6b3000 r--s 00000000 08:01 4220798    /var/cache/fontconfig/c69f04ab05004e31a6d5e715764f16d8-le32d4.cache-3
8b6b3000-8b6b4000 r--s 00000000 08:01 4220771    /var/cache/fontconfig/0d8c3b2ac0904cb8a57a757ad11a4a08-le32d4.cache-3
8b6b4000-8b6b8000 r--s 00000000 08:01 4220730    /var/cache/fontconfig/a755afe4a08bf5b97852ceb7400b47bc-le32d4.cache-3
8b6b8000-8b6bf000 r--s 00000000 08:01 4220036    /var/cache/fontconfig/6d41288fd70b0be22e8c3a91e032eec0-le32d4.cache-3
8b6bf000-8b6ca000 r--s 00000000 08:01 4220684    /var/cache/fontconfig/04aabc0a78ac019cf9454389977116d2-le32d4.cache-3
8b6ca000-8b6cd000 r--s 00000000 08:01 4220672    /var/cache/fontconfig/385c0604a188198f04d133e54aba7fe7-le32d4.cache-3
8b6cd000-8b6ce000 r--s 00000000 08:01 4220661    /var/cache/fontconfig/4794a0821666d79190d59a36cb4f44b5-le32d4.cache-3
8b6ce000-8b6d1000 r--s 00000000 08:01 4220458    /var/cache/fontconfig/8801497958630a81b71ace7c5f9b32a8-le32d4.cache-3
8b6d1000-8b6f3000 r--s 00000000 08:01 4221974    /var/cache/fontconfig/365b55f210c0a22e9a19e35191240f32-le32d4.cache-3
8b6f3000-8b6f7000 r--s 00000000 08:01 4220393    /var/cache/fontconfig/3047814df9a2f067bd2d96a2b9c36e5a-le32d4.cache-3
8b6f7000-8b6f8000 r--s 00000000 08:01 4220392    /var/cache/fontconfig/56cf4f4769d0f4abc89a4895d7bd3ae1-le32d4.cache-3
8b6f8000-8b6fb000 r--s 00000000 08:01 4220387    /var/cache/fontconfig/de9486f0b47a4d768a594cb4198cb1c6-le32d4.cache-3
8b6fb000-8b6fc000 r--s 00000000 08:01 4220371    /var/cache/fontconfig/b9d506c9ac06c20b433354fa67a72993-le32d4.cache-3
8b6fc000-8b700000 r--s 00000000 08:01 4220363    /var/cache/fontconfig/b47c4e1ecd0709278f4910c18777a504-le32d4.cache-3
8b700000-8b7fc000 rw-p 00000000 00:00 0 
8b7fc000-8b800000 ---p 00000000 00:00 0 
8b803000-8b809000 r--s 00000000 08:01 4220818    /var/cache/fontconfig/52f7bdb7ce746bfd7eaa1985bd9cfa93-le32d4.cache-3
8b809000-8b816000 r--s 00000000 08:01 4220357    /var/cache/fontconfig/d52a8644073d54c13679302ca1180695-le32d4.cache-3
8b816000-8b81e000 r--s 00000000 08:01 4220352    /var/cache/fontconfig/0016f91d272966d80cf1fcd12c9c3815-le32d4.cache-3
8b81e000-8b822000 r--s 00000000 08:01 4220810    /var/cache/fontconfig/3f7329c5293ffd510edef78f73874cfd-le32d4.cache-3
8b822000-8b828000 r--s 00000000 08:01 4220322    /var/cache/fontconfig/089dead882dea3570ffc31a9898cfb69-le32d4.cache-3
8b828000-8b830000 r--s 00000000 08:01 4219303    /var/cache/fontconfig/e13b20fdb08344e0e664864cc2ede53d-le32d4.cache-3
8b830000-8b833000 r--s 00000000 08:01 4221978    /var/cache/fontconfig/7ef2298fde41cc6eeb7af42e48b7d293-le32d4.cache-3
8b833000-8b834000 r--s 00000000 08:01 4221004    /var/cache/fontconfig/c05880de57d1f5e948fdfacc138775d9-le32d4.cache-3
8b834000-8b83a000 r--s 00000000 08:01 4220969    /var/cache/fontconfig/945677eb7aeaf62f1d50efc3fb3ec7d8-le32d4.cache-3
8b83a000-8b83c000 r--s 00000000 08:01 4220909    /var/cache/fontconfig/99e8ed0e538f840c565b6ed5dad60d56-le32d4.cache-3
8b83c000-8b842000 r--s 00000000 08:01 4220876    /var/cache/fontconfig/a6d8cf8e4ec09cdbc8633c31745a07dd-le32d4.cache-3
8b842000-8b845000 r--s 00000000 08:01 4220840    /var/cache/fontconfig/2cd17615ca594fa2959ae173292e504c-le32d4.cache-3
8b845000-8b846000 r--s 00000000 08:01 4220800    /var/cache/fontconfig/e7071f4a29fa870f4323321c154eba04-le32d4.cache-3
8b846000-8b848000 r--s 00000000 08:01 4220798    /var/cache/fontconfig/c69f04ab05004e31a6d5e715764f16d8-le32d4.cache-3
8b848000-8b849000 r--s 00000000 08:01 4220771    /var/cache/fontconfig/0d8c3b2ac0904cb8a57a757ad11a4a08-le32d4.cache-3
8b849000-8b84d000 r--s 00000000 08:01 4220730    /var/cache/fontconfig/a755afe4a08bf5b97852ceb7400b47bc-le32d4.cache-3
8b84d000-8b854000 r--s 00000000 08:01 4220036    /var/cache/fontconfig/6d41288fd70b0be22e8c3a91e032eec0-le32d4.cache-3
8b854000-8b85f000 r--s 00000000 08:01 4220684    /var/cache/fontconfig/04aabc0a78ac019cf9454389977116d2-le32d4.cache-3
8b85f000-8b862000 r--s 00000000 08:01 4220672    /var/cache/fontconfig/385c0604a188198f04d133e54aba7fe7-le32d4.cache-3
8b862000-8b863000 r--s 00000000 08:01 4220661    /var/cache/fontconfig/4794a0821666d79190d59a36cb4f44b5-le32d4.cache-3
8b863000-8b866000 r--s 00000000 08:01 4220458    /var/cache/fontconfig/8801497958630a81b71ace7c5f9b32a8-le32d4.cache-3
8b866000-8b888000 r--s 00000000 08:01 4221974    /var/cache/fontconfig/365b55f210c0a22e9a19e35191240f32-le32d4.cache-3
8b888000-8b88c000 r--s 00000000 08:01 4220393    /var/cache/fontconfig/3047814df9a2f067bd2d96a2b9c36e5a-le32d4.cache-3
8b88c000-8b892000 r--s 00000000 08:01 4220818    /var/cache/fontconfig/52f7bdb7ce746bfd7eaa1985bd9cfa93-le32d4.cache-3
8b892000-8b89f000 r--s 00000000 08:01 4220357    /var/cache/fontconfig/d52a8644073d54c13679302ca1180695-le32d4.cache-3
8b89f000-8b8a7000 r--s 00000000 08:01 4220352    /var/cache/fontconfig/0016f91d272966d80cf1fcd12c9c3815-le32d4.cache-3
8b8a7000-8b8aa000 ---p 00000000 00:00 0 
8b8aa000-8b8f8000 rw-p 00000000 00:00 0 
8b8f8000-8b8f9000 ---p 00000000 00:00 0 
8b8f9000-8b979000 rw-p 00000000 00:00 0 
8b979000-8b97c000 ---p 00000000 00:00 0 
8b97c000-8b9ca000 rw-p 00000000 00:00 0 
8b9ca000-8b9cd000 ---p 00000000 00:00 0 
8b9cd000-8ba4b000 rw-p 00000000 00:00 0 
8ba4b000-8ba4e000 ---p 00000000 00:00 0 
8ba4e000-8bacc000 rw-p 00000000 00:00 0 
8bacc000-8bacf000 ---p 00000000 00:00 0 
8bacf000-8bb1d000 rw-p 00000000 00:00 0 
8bb1d000-8bd1d000 r--p 00000000 08:01 2683201    /usr/lib/locale/locale-archive
8bd1d000-8bd20000 ---p 00000000 00:00 0 
8bd20000-8bd6e000 rw-p 00000000 00:00 0 
8bd6e000-8bf00000 r--s 037c2000 08:01 3532703    /usr/lib/jvm/java-6-openjdk-i386/jre/lib/rt.jar
8bf00000-8bffd000 rw-p 00000000 00:00 0 
8bffd000-8c000000 ---p 00000000 00:00 0 
8c000000-8c001000 rw-s 00005000 00:05 11465      /dev/ati/card0
8c001000-8c005000 r--s 00000000 08:01 4220810    /var/cache/fontconfig/3f7329c5293ffd510edef78f73874cfd-le32d4.cache-3
8c005000-8c00b000 r--s 00000000 08:01 4220322    /var/cache/fontconfig/089dead882dea3570ffc31a9898cfb69-le32d4.cache-3
8c00b000-8c013000 r--s 00000000 08:01 4219303    /var/cache/fontconfig/e13b20fdb08344e0e664864cc2ede53d-le32d4.cache-3
8c013000-8c01a000 r--s 000fb000 08:01 2860798    /usr/lib/jvm/java-6-openjdk-common/jre/lib/resources.jar
8c01a000-8c02e000 r--s 0014d000 08:01 6561880    /home/dennis/Documents/gdStudio/werescrewed/werescrewed-desktop/libs/gdx-backend-lwjgl.jar
8c02e000-8c031000 ---p 00000000 00:00 0 
8c031000-8c07f000 rw-p 00000000 00:00 0 
8c07f000-8c080000 ---p 00000000 00:00 0 
8c080000-8c100000 rw-p 00000000 00:00 0 
8c100000-8c1a7000 rw-p 00000000 00:00 0 
8c1a7000-8c200000 ---p 00000000 00:00 0 
8c200000-8c201000 r--s 00000000 08:01 4220392    /var/cache/fontconfig/56cf4f4769d0f4abc89a4895d7bd3ae1-le32d4.cache-3
8c201000-8c205000 r--s 00000000 08:01 4220363    /var/cache/fontconfig/b47c4e1ecd0709278f4910c18777a504-le32d4.cache-3
8c205000-8c208000 r--s 0000b000 08:01 6561931    /home/dennis/Documents/gdStudio/werescrewed/werescrewed/libs/tween-engine-api.jar
8c208000-8c209000 r--s 00001000 08:01 6561927    /home/dennis/Documents/gdStudio/werescrewed/werescrewed/libs/bodyeditor-loader.jar
8c209000-8c20d000 r--s 0007d000 08:01 2860794    /usr/lib/jvm/java-6-openjdk-common/jre/lib/jsse.jar
8c20d000-8c21f000 r--s 00108000 08:01 6561929    /home/dennis/Documents/gdStudio/werescrewed/werescrewed/libs/gdx.jar
8c21f000-8c252000 rw-p 00000000 00:00 0 
8c252000-8c253000 ---p 00000000 00:00 0 
8c253000-8c2d3000 rw-p 00000000 00:00 0 
8c2d3000-8c2d4000 ---p 00000000 00:00 0 
8c2d4000-8c35f000 rw-p 00000000 00:00 0 
8c35f000-8c3ff000 rw-p 00000000 00:00 0 
8c3ff000-8c407000 rw-p 00000000 00:00 0 
8c407000-8c43f000 rw-p 00000000 00:00 0 
8c43f000-8c44a000 rw-p 00000000 00:00 0 
8c44a000-8c4e9000 rw-p 00000000 00:00 0 
8c4e9000-8c4ef000 rw-p 00000000 00:00 0 
8c4ef000-8c53f000 rw-p 00000000 00:00 0 
8c53f000-8d540000 rw-p 00000000 00:00 0 
8d540000-94540000 rw-p 00000000 00:00 0 
94540000-95a40000 rw-p 00000000 00:00 0 
95a40000-a9aa0000 rw-p 00000000 00:00 0 
a9aa0000-aa510000 rw-p 00000000 00:00 0 
aa510000-b4540000 rw-p 00000000 00:00 0 
b4540000-b4549000 rw-p 00000000 00:00 0 
b4549000-b4600000 rw-p 00000000 00:00 0 
b4600000-b4840000 rwxp 00000000 00:00 0 
b4840000-b76ff000 rw-p 00000000 00:00 0 
b76ff000-b7700000 ---p 00000000 00:00 0 
b7700000-b7703000 r--s 00000000 08:01 4220387    /var/cache/fontconfig/de9486f0b47a4d768a594cb4198cb1c6-le32d4.cache-3
b7703000-b7706000 r--s 00000000 08:01 4221978    /var/cache/fontconfig/7ef2298fde41cc6eeb7af42e48b7d293-le32d4.cache-3
b7706000-b770e000 rw-p 00000000 00:00 0 
b770e000-b7746000 rw-p 00000000 00:00 0 
b7746000-b7749000 ---p 00000000 00:00 0 
b7749000-b779a000 rw-p 00000000 00:00 0 
b779a000-b779b000 r--s 00000000 08:01 4220371    /var/cache/fontconfig/b9d506c9ac06c20b433354fa67a72993-le32d4.cache-3
b779b000-b779c000 r--s 0011b000 08:01 6561881    /home/dennis/Documents/gdStudio/werescrewed/werescrewed-desktop/libs/gdx-natives.jar
b779c000-b779d000 r--s 00162000 08:01 6561878    /home/dennis/Documents/gdStudio/werescrewed/werescrewed-desktop/libs/gdx-backend-lwjgl-natives.jar
b779d000-b779f000 r--s 00001000 08:01 2918893    /usr/lib/jvm/java-6-openjdk-common/jre/lib/ext/dnsns.jar
b779f000-b77a3000 r--s 00038000 08:01 2918891    /usr/lib/jvm/java-6-openjdk-common/jre/lib/ext/sunpkcs11.jar
b77a3000-b77a6000 r--s 00031000 08:01 2918887    /usr/lib/jvm/java-6-openjdk-common/jre/lib/ext/sunjce_provider.jar
b77a6000-b77a7000 r--s 00007000 08:01 2924985    /usr/share/java/java-atk-wrapper.jar
b77a7000-b77a9000 r--s 0000f000 08:01 2918889    /usr/lib/jvm/java-6-openjdk-common/jre/lib/ext/pulse-java.jar
b77a9000-b77ac000 r--s 00077000 08:01 2918895    /usr/lib/jvm/java-6-openjdk-common/jre/lib/ext/localedata.jar
b77ac000-b77ad000 r--p 002c5000 08:01 2683201    /usr/lib/locale/locale-archive
b77ad000-b77b5000 rw-s 00000000 08:01 5464129    /tmp/hsperfdata_dennis/4524
b77b5000-b77b6000 rw-p 00000000 00:00 0 
b77b6000-b77b7000 r--p 00000000 00:00 0 
b77b7000-b77b9000 rw-p 00000000 00:00 0 
bfb23000-bfb44000 rw-p 00000000 00:00 0          [stack]

VM Arguments:
jvm_args: -Dfile.encoding=UTF-8 
java_command: com.blindtigergames.werescrewed.Main
Launcher Type: SUN_STANDARD

Environment Variables:
PATH=/usr/lib/lightdm/lightdm:/usr/local/sbin:/usr/local/bin:/usr/sbin:/usr/bin:/sbin:/bin:/usr/games
LD_LIBRARY_PATH=/usr/lib/jvm/java-6-openjdk-i386/jre/lib/i386/server:/usr/lib/jvm/java-6-openjdk-i386/jre/lib/i386:/usr/lib/jvm/java-6-openjdk-i386/jre/../lib/i386:/usr/lib/jvm/java-6-openjdk-i386/jre/lib/i386/client:/usr/lib/jvm/java-6-openjdk-i386/jre/lib/i386:
SHELL=/bin/bash
DISPLAY=:0

Signal Handlers:
SIGSEGV: [libjvm.so+0x66b320], sa_mask[0]=0x7ffbfeff, sa_flags=0x10000004
SIGBUS: [libjvm.so+0x66b320], sa_mask[0]=0x7ffbfeff, sa_flags=0x10000004
SIGFPE: [libjvm.so+0x52e8c0], sa_mask[0]=0x7ffbfeff, sa_flags=0x10000004
SIGPIPE: [libjvm.so+0x52e8c0], sa_mask[0]=0x7ffbfeff, sa_flags=0x10000004
SIGXFSZ: [libjvm.so+0x52e8c0], sa_mask[0]=0x7ffbfeff, sa_flags=0x10000004
SIGILL: [libjvm.so+0x52e8c0], sa_mask[0]=0x7ffbfeff, sa_flags=0x10000004
SIGUSR1: SIG_DFL, sa_mask[0]=0x00000000, sa_flags=0x00000000
SIGUSR2: [libjvm.so+0x52e750], sa_mask[0]=0x00000004, sa_flags=0x10000004
SIGHUP: [libjvm.so+0x5317f0], sa_mask[0]=0x7ffbfeff, sa_flags=0x10000004
SIGINT: [libjvm.so+0x5317f0], sa_mask[0]=0x7ffbfeff, sa_flags=0x10000004
SIGTERM: [libjvm.so+0x5317f0], sa_mask[0]=0x7ffbfeff, sa_flags=0x10000004
SIGQUIT: [libjvm.so+0x5317f0], sa_mask[0]=0x7ffbfeff, sa_flags=0x10000004


---------------  S Y S T E M  ---------------

OS:Ubuntu 12.04 (precise)
uname:Linux 3.2.0-29-generic #46-Ubuntu SMP Fri Jul 27 17:04:05 UTC 2012 i686
libc:glibc 2.15 NPTL 2.15 
rlimit: STACK 8192k, CORE 0k, NPROC 15939, NOFILE 4096, AS infinity
load average:1.16 0.83 0.65

/proc/meminfo:
MemTotal:        2059812 kB
MemFree:          316188 kB
Buffers:           47708 kB
Cached:           736976 kB
SwapCached:            0 kB
Active:          1000260 kB
Inactive:         499472 kB
Active(anon):     715868 kB
Inactive(anon):     2880 kB
Active(file):     284392 kB
Inactive(file):   496592 kB
Unevictable:          16 kB
Mlocked:              16 kB
HighTotal:       1186124 kB
HighFree:          15068 kB
LowTotal:         873688 kB
LowFree:          301120 kB
SwapTotal:       2996084 kB
SwapFree:        2996084 kB
Dirty:               164 kB
Writeback:             0 kB
AnonPages:        715124 kB
Mapped:           237216 kB
Shmem:              3696 kB
Slab:              42832 kB
SReclaimable:      25564 kB
SUnreclaim:        17268 kB
KernelStack:        3960 kB
PageTables:         8344 kB
NFS_Unstable:          0 kB
Bounce:                0 kB
WritebackTmp:          0 kB
CommitLimit:     4025988 kB
Committed_AS:    3339104 kB
VmallocTotal:     122880 kB
VmallocUsed:       22528 kB
VmallocChunk:      98368 kB
HardwareCorrupted:     0 kB
AnonHugePages:         0 kB
HugePages_Total:       0
HugePages_Free:        0
HugePages_Rsvd:        0
HugePages_Surp:        0
Hugepagesize:       4096 kB
DirectMap4k:       12280 kB
DirectMap4M:      897024 kB


CPU:total 2 (2 cores per cpu, 1 threads per core) family 6 model 15 stepping 6, cmov, cx8, fxsr, mmx, sse, sse2, sse3, ssse3

Memory: 4k page, physical 2059812k(316188k free), swap 2996084k(2996084k free)

vm_info: OpenJDK Server VM (20.0-b12) for linux-x86 JRE (1.6.0_24-b24), built on Oct 24 2012 16:19:13 by "buildd" with gcc 4.6.3

time: Fri Jan 18 18:51:18 2013
elapsed time: 16 seconds

